393285	ID:4	Rime started with address 4.0
402652	ID:4	MAC 04:00:00:00:00:00:00:00 Contiki-3.x-3345-g32b5b17f6 started. Node id is set to 4.
408556	ID:4	nullsec CSMA nd-rdc, channel check rate 128 Hz, radio channel 26
410804	ID:4	Starting 'Application process'
411919	ID:4	Node ID: 4
413765	ID:4	RTIMER_SECOND: 32768
577514	ID:3	Rime started with address 3.0
586883	ID:3	MAC 03:00:00:00:00:00:00:00 Contiki-3.x-3345-g32b5b17f6 started. Node id is set to 3.
592782	ID:3	nullsec CSMA nd-rdc, channel check rate 128 Hz, radio channel 26
595030	ID:3	Starting 'Application process'
596145	ID:3	Node ID: 3
597991	ID:3	RTIMER_SECOND: 32768
603836	ID:3	START: SCATTER, 9, 1, 3276, 3276, 1, 3200, 3266
620468	ID:3	START: TYPE,         TRANSMISSION_WINDOW_COUNT,         RECEPTION_WINDOW_COUNT,         TRANSMISSION_WINDOW_DURATION,         RECEPTION_WINDOW_DURATION,         TRANSMISSION_PER_WINDOW,         TRANSMISSION_DURATION,         RECEPTION_DURATION
622322	ID:3	NCO: 0
1229651	ID:5	Rime started with address 5.0
1239021	ID:5	MAC 05:00:00:00:00:00:00:00 Contiki-3.x-3345-g32b5b17f6 started. Node id is set to 5.
1244919	ID:5	nullsec CSMA nd-rdc, channel check rate 128 Hz, radio channel 26
1247167	ID:5	Starting 'Application process'
1248282	ID:5	Node ID: 5
1250128	ID:5	RTIMER_SECOND: 32768
1268298	ID:4	START: SCATTER, 9, 1, 3276, 3276, 1, 3200, 3266
1284921	ID:4	START: TYPE,         TRANSMISSION_WINDOW_COUNT,         RECEPTION_WINDOW_COUNT,         TRANSMISSION_WINDOW_DURATION,         RECEPTION_WINDOW_DURATION,         TRANSMISSION_PER_WINDOW,         TRANSMISSION_DURATION,         RECEPTION_DURATION
1286861	ID:4	NCO: 0
1297997	ID:2	Rime started with address 2.0
1307364	ID:2	MAC 02:00:00:00:00:00:00:00 Contiki-3.x-3345-g32b5b17f6 started. Node id is set to 2.
1313266	ID:2	nullsec CSMA nd-rdc, channel check rate 128 Hz, radio channel 26
1315514	ID:2	Starting 'Application process'
1316629	ID:2	Node ID: 2
1318475	ID:2	RTIMER_SECOND: 32768
1332941	ID:4	App: Epoch 1 New NBR 3
1439470	ID:1	Rime started with address 1.0
1448840	ID:1	MAC 01:00:00:00:00:00:00:00 Contiki-3.x-3345-g32b5b17f6 started. Node id is set to 1.
1454742	ID:1	nullsec CSMA nd-rdc, channel check rate 128 Hz, radio channel 26
1456990	ID:1	Starting 'Application process'
1458105	ID:1	Node ID: 1
1459951	ID:1	RTIMER_SECOND: 32768
1469883	ID:2	START: SCATTER, 9, 1, 3276, 3276, 1, 3200, 3266
1486506	ID:2	START: TYPE,         TRANSMISSION_WINDOW_COUNT,         RECEPTION_WINDOW_COUNT,         TRANSMISSION_WINDOW_DURATION,         RECEPTION_WINDOW_DURATION,         TRANSMISSION_PER_WINDOW,         TRANSMISSION_DURATION,         RECEPTION_DURATION
1488446	ID:2	NCO: 0
1494916	ID:2	App: Epoch 1 New NBR 4
1525238	ID:2	App: Epoch 1 New NBR 3
1625624	ID:3	App: Epoch 1 finished Num NBR 0 Num new NBR 0
1627816	ID:3	NCO: 249
1694054	ID:3	App: Epoch 2 New NBR 2
1696114	ID:3	App: Epoch 2 New NBR 4
1759503	ID:1	START: SCATTER, 9, 1, 3276, 3276, 1, 3200, 3266
1776147	ID:1	START: TYPE,         TRANSMISSION_WINDOW_COUNT,         RECEPTION_WINDOW_COUNT,         TRANSMISSION_WINDOW_DURATION,         RECEPTION_WINDOW_DURATION,         TRANSMISSION_PER_WINDOW,         TRANSMISSION_DURATION,         RECEPTION_DURATION
1778010	ID:1	NCO: 0
1793985	ID:1	App: Epoch 1 New NBR 2
1796315	ID:1	App: Epoch 1 New NBR 4
1827304	ID:1	App: Epoch 1 New NBR 3
1955930	ID:5	START: SCATTER, 9, 1, 3276, 3276, 1, 3200, 3266
1972574	ID:5	START: TYPE,         TRANSMISSION_WINDOW_COUNT,         RECEPTION_WINDOW_COUNT,         TRANSMISSION_WINDOW_DURATION,         RECEPTION_WINDOW_DURATION,         TRANSMISSION_PER_WINDOW,         TRANSMISSION_DURATION,         RECEPTION_DURATION
1974436	ID:5	NCO: 0
1986201	ID:5	App: Epoch 1 New NBR 1
1993923	ID:5	App: Epoch 1 New NBR 2
1995983	ID:5	App: Epoch 1 New NBR 4
2027252	ID:5	App: Epoch 1 New NBR 3
2290187	ID:4	App: Epoch 1 finished Num NBR 1 Num new NBR 1
2292385	ID:4	NCO: 162
2379771	ID:4	App: Epoch 2 New NBR 5
2386102	ID:4	App: Epoch 2 New NBR 1
2491772	ID:2	App: Epoch 1 finished Num NBR 2 Num new NBR 2
2493742	ID:2	NCO: 80
2496611	ID:2	App: Epoch 2 New NBR 5
2498992	ID:2	App: Epoch 2 New NBR 1
2625626	ID:3	App: Epoch 2 finished Num NBR 2 Num new NBR 2
2627673	ID:3	NCO: 62
2679742	ID:3	App: Epoch 3 New NBR 5
2681810	ID:3	App: Epoch 3 New NBR 1
2781318	ID:1	App: Epoch 1 finished Num NBR 3 Num new NBR 3
2783511	ID:1	NCO: 167
2877360	ID:1	App: Epoch 2 New NBR 5
2977745	ID:5	App: Epoch 1 finished Num NBR 4 Num new NBR 4
2979788	ID:5	NCO: 75
3290187	ID:4	App: Epoch 2 finished Num NBR 3 Num new NBR 2
3292005	ID:4	NCO: 115
3294917	ID:4	App: Epoch 3 New NBR 2
3491772	ID:2	App: Epoch 2 finished Num NBR 4 Num new NBR 2
3493665	ID:2	NCO: 9
3625626	ID:3	App: Epoch 3 finished Num NBR 4 Num new NBR 2
3627826	ID:3	NCO: 223
3781318	ID:1	App: Epoch 2 finished Num NBR 4 Num new NBR 1
3783135	ID:1	NCO: 276
3977744	ID:5	App: Epoch 2 finished Num NBR 4 Num new NBR 0
3979936	ID:5	NCO: 104
4290187	ID:4	App: Epoch 3 finished Num NBR 4 Num new NBR 1
4292315	ID:4	NCO: 176
4491771	ID:2	App: Epoch 3 finished Num NBR 3 Num new NBR 0
4493812	ID:2	NCO: 14
4625625	ID:3	App: Epoch 4 finished Num NBR 3 Num new NBR 0
4627820	ID:3	NCO: 108
4781317	ID:1	App: Epoch 3 finished Num NBR 4 Num new NBR 0
4783359	ID:1	NCO: 61
4977744	ID:5	App: Epoch 3 finished Num NBR 4 Num new NBR 0
4979784	ID:5	NCO: 65
5290186	ID:4	App: Epoch 4 finished Num NBR 4 Num new NBR 0
5292227	ID:4	NCO: 41
5491771	ID:2	App: Epoch 4 finished Num NBR 3 Num new NBR 0
5493895	ID:2	NCO: 175
5625625	ID:3	App: Epoch 5 finished Num NBR 4 Num new NBR 0
5627667	ID:3	NCO: 53
5781317	ID:1	App: Epoch 4 finished Num NBR 4 Num new NBR 0
5783511	ID:1	NCO: 178
5977744	ID:5	App: Epoch 4 finished Num NBR 4 Num new NBR 0
5979784	ID:5	NCO: 38
6290186	ID:4	App: Epoch 5 finished Num NBR 4 Num new NBR 0
6292310	ID:4	NCO: 174
6491771	ID:2	App: Epoch 5 finished Num NBR 4 Num new NBR 0
6493965	ID:2	NCO: 188
6625625	ID:3	App: Epoch 6 finished Num NBR 4 Num new NBR 0
6627820	ID:3	NCO: 202
6781317	ID:1	App: Epoch 5 finished Num NBR 4 Num new NBR 0
6783359	ID:1	NCO: 67
6977744	ID:5	App: Epoch 5 finished Num NBR 4 Num new NBR 0
6979938	ID:5	NCO: 295
7290186	ID:4	App: Epoch 6 finished Num NBR 4 Num new NBR 0
7292227	ID:4	NCO: 15
7491771	ID:2	App: Epoch 6 finished Num NBR 3 Num new NBR 0
7493813	ID:2	NCO: 69
7625625	ID:3	App: Epoch 7 finished Num NBR 4 Num new NBR 0
7627821	ID:3	NCO: 251
7781317	ID:1	App: Epoch 6 finished Num NBR 4 Num new NBR 0
7784594	ID:1	NCO: 192
7977744	ID:5	App: Epoch 6 finished Num NBR 4 Num new NBR 0
7979937	ID:5	NCO: 212
8290186	ID:4	App: Epoch 7 finished Num NBR 3 Num new NBR 0
8292382	ID:4	NCO: 156
8491771	ID:2	App: Epoch 7 finished Num NBR 3 Num new NBR 0
8493812	ID:2	NCO: 26
8625625	ID:3	App: Epoch 8 finished Num NBR 4 Num new NBR 0
8627821	ID:3	NCO: 280
8781317	ID:1	App: Epoch 7 finished Num NBR 4 Num new NBR 0
8783511	ID:1	NCO: 121
8977744	ID:5	App: Epoch 7 finished Num NBR 4 Num new NBR 0
8979784	ID:5	NCO: 61
9290186	ID:4	App: Epoch 8 finished Num NBR 3 Num new NBR 0
9292382	ID:4	NCO: 293
9491771	ID:2	App: Epoch 8 finished Num NBR 4 Num new NBR 0
9493966	ID:2	NCO: 267
9625625	ID:3	App: Epoch 9 finished Num NBR 4 Num new NBR 0
9627820	ID:3	NCO: 177
9781317	ID:1	App: Epoch 8 finished Num NBR 4 Num new NBR 0
9783512	ID:1	NCO: 254
9977744	ID:5	App: Epoch 8 finished Num NBR 4 Num new NBR 0
9979939	ID:5	NCO: 306
10290186	ID:4	App: Epoch 9 finished Num NBR 3 Num new NBR 0
10292228	ID:4	NCO: 58
10491771	ID:2	App: Epoch 9 finished Num NBR 3 Num new NBR 0
10493967	ID:2	NCO: 296
10625778	ID:3	App: Epoch 10 finished Num NBR 4 Num new NBR 0
10627974	ID:3	NCO: 150
10781317	ID:1	App: Epoch 9 finished Num NBR 4 Num new NBR 0
10783359	ID:1	NCO: 31
10977744	ID:5	App: Epoch 9 finished Num NBR 3 Num new NBR 0
10979630	ID:5	NCO: 3
11290339	ID:4	App: Epoch 10 finished Num NBR 4 Num new NBR 0
11292379	ID:4	NCO: 43
11491923	ID:2	App: Epoch 10 finished Num NBR 3 Num new NBR 0
11494049	ID:2	NCO: 257
11625778	ID:3	App: Epoch 11 finished Num NBR 4 Num new NBR 0
11627819	ID:3	NCO: 87
11781470	ID:1	App: Epoch 10 finished Num NBR 4 Num new NBR 0
11783511	ID:1	NCO: 44
11977897	ID:5	App: Epoch 10 finished Num NBR 3 Num new NBR 0
11980022	ID:5	NCO: 256
12290339	ID:4	App: Epoch 11 finished Num NBR 4 Num new NBR 0
12292534	ID:4	NCO: 264
12491923	ID:2	App: Epoch 11 finished Num NBR 4 Num new NBR 0
12494050	ID:2	NCO: 230
12625778	ID:3	App: Epoch 12 finished Num NBR 3 Num new NBR 0
12627973	ID:3	NCO: 196
12781470	ID:1	App: Epoch 11 finished Num NBR 3 Num new NBR 0
12783597	ID:1	NCO: 309
12977897	ID:5	App: Epoch 11 finished Num NBR 3 Num new NBR 0
12980091	ID:5	NCO: 121
13290339	ID:4	App: Epoch 12 finished Num NBR 3 Num new NBR 0
13292532	ID:4	NCO: 161
13491923	ID:2	App: Epoch 12 finished Num NBR 4 Num new NBR 0
13494116	ID:2	NCO: 167
13625778	ID:3	App: Epoch 13 finished Num NBR 3 Num new NBR 0
13627972	ID:3	NCO: 109
13781470	ID:1	App: Epoch 12 finished Num NBR 4 Num new NBR 0
13783664	ID:1	NCO: 202
13977897	ID:5	App: Epoch 12 finished Num NBR 4 Num new NBR 0
13980021	ID:5	NCO: 126
14290339	ID:4	App: Epoch 13 finished Num NBR 4 Num new NBR 0
14292227	ID:4	NCO: 6
14491923	ID:2	App: Epoch 13 finished Num NBR 3 Num new NBR 0
14494118	ID:2	NCO: 212
14625778	ID:3	App: Epoch 14 finished Num NBR 3 Num new NBR 0
14627973	ID:3	NCO: 226
14781470	ID:1	App: Epoch 13 finished Num NBR 4 Num new NBR 0
14784746	ID:1	NCO: 251
14977897	ID:5	App: Epoch 13 finished Num NBR 4 Num new NBR 0
14980092	ID:5	NCO: 223
15290338	ID:4	App: Epoch 14 finished Num NBR 3 Num new NBR 0
15292463	ID:4	NCO: 135
15491923	ID:2	App: Epoch 14 finished Num NBR 3 Num new NBR 0
15494122	ID:2	NCO: 317
15625778	ID:3	App: Epoch 15 finished Num NBR 4 Num new NBR 0
15627975	ID:3	NCO: 307
15781470	ID:1	App: Epoch 14 finished Num NBR 4 Num new NBR 0
15783511	ID:1	NCO: 88
15977897	ID:5	App: Epoch 14 finished Num NBR 4 Num new NBR 0
15979938	ID:5	NCO: 44
16290339	ID:4	App: Epoch 15 finished Num NBR 4 Num new NBR 0
16292534	ID:4	NCO: 116
16491923	ID:2	App: Epoch 15 finished Num NBR 3 Num new NBR 0
16494117	ID:2	NCO: 242
16625778	ID:3	App: Epoch 16 finished Num NBR 4 Num new NBR 0
16627972	ID:3	NCO: 176
16781470	ID:1	App: Epoch 15 finished Num NBR 4 Num new NBR 0
16783665	ID:1	NCO: 113
16977897	ID:5	App: Epoch 15 finished Num NBR 4 Num new NBR 0
16980091	ID:5	NCO: 181
17290339	ID:4	App: Epoch 16 finished Num NBR 4 Num new NBR 0
17292534	ID:4	NCO: 221
17491923	ID:2	App: Epoch 16 finished Num NBR 3 Num new NBR 0
17494118	ID:2	NCO: 131
17625778	ID:3	App: Epoch 17 finished Num NBR 4 Num new NBR 0
17627819	ID:3	NCO: 41
17781470	ID:1	App: Epoch 16 finished Num NBR 4 Num new NBR 0
17783511	ID:1	NCO: 22
17977897	ID:5	App: Epoch 16 finished Num NBR 3 Num new NBR 0
17980092	ID:5	NCO: 266
18290339	ID:4	App: Epoch 17 finished Num NBR 4 Num new NBR 0
18292379	ID:4	NCO: 18
18491923	ID:2	App: Epoch 17 finished Num NBR 3 Num new NBR 0
18494117	ID:2	NCO: 128
18625778	ID:3	App: Epoch 18 finished Num NBR 4 Num new NBR 0
18627973	ID:3	NCO: 110
18781469	ID:1	App: Epoch 17 finished Num NBR 4 Num new NBR 0
18783593	ID:1	NCO: 151
18977897	ID:5	App: Epoch 17 finished Num NBR 4 Num new NBR 0
18980022	ID:5	NCO: 251
19290339	ID:4	App: Epoch 18 finished Num NBR 3 Num new NBR 0
19292380	ID:4	NCO: 35
19491923	ID:2	App: Epoch 18 finished Num NBR 2 Num new NBR 0
19494048	ID:2	NCO: 185
19625778	ID:3	App: Epoch 19 finished Num NBR 4 Num new NBR 0
19627974	ID:3	NCO: 271
19781470	ID:1	App: Epoch 18 finished Num NBR 4 Num new NBR 0
19784746	ID:1	NCO: 260
19977897	ID:5	App: Epoch 18 finished Num NBR 4 Num new NBR 0
19980092	ID:5	NCO: 216
20290339	ID:4	App: Epoch 19 finished Num NBR 3 Num new NBR 0
20292532	ID:4	NCO: 160
20491923	ID:2	App: Epoch 19 finished Num NBR 4 Num new NBR 0
20495047	ID:2	NCO: 62
20625778	ID:3	App: Epoch 20 finished Num NBR 4 Num new NBR 0
20627820	ID:3	NCO: 92
20781470	ID:1	App: Epoch 19 finished Num NBR 4 Num new NBR 0
20783664	ID:1	NCO: 173
20977897	ID:5	App: Epoch 19 finished Num NBR 4 Num new NBR 0
20979938	ID:5	NCO: 49
21290339	ID:4	App: Epoch 20 finished Num NBR 3 Num new NBR 0
21292535	ID:4	NCO: 153
21491923	ID:2	App: Epoch 20 finished Num NBR 3 Num new NBR 0
21494118	ID:2	NCO: 287
21625778	ID:3	App: Epoch 21 finished Num NBR 4 Num new NBR 0
21627973	ID:3	NCO: 229
21781470	ID:1	App: Epoch 20 finished Num NBR 4 Num new NBR 0
21783665	ID:1	NCO: 226
21977897	ID:5	App: Epoch 20 finished Num NBR 4 Num new NBR 0
21980092	ID:5	NCO: 214
22290339	ID:4	App: Epoch 21 finished Num NBR 4 Num new NBR 0
22292534	ID:4	NCO: 286
22491923	ID:2	App: Epoch 21 finished Num NBR 4 Num new NBR 0
22494117	ID:2	NCO: 108
22625778	ID:3	App: Epoch 22 finished Num NBR 4 Num new NBR 0
22627973	ID:3	NCO: 250
22781470	ID:1	App: Epoch 21 finished Num NBR 4 Num new NBR 0
22783597	ID:1	NCO: 307
22977897	ID:5	App: Epoch 21 finished Num NBR 4 Num new NBR 0
22979938	ID:5	NCO: 87
23290339	ID:4	App: Epoch 22 finished Num NBR 2 Num new NBR 0
23293615	ID:4	NCO: 191
23491923	ID:2	App: Epoch 22 finished Num NBR 2 Num new NBR 0
23493965	ID:2	NCO: 53
23625778	ID:3	App: Epoch 23 finished Num NBR 4 Num new NBR 0
23627819	ID:3	NCO: 43
23781470	ID:1	App: Epoch 22 finished Num NBR 4 Num new NBR 0
23783665	ID:1	NCO: 112
23977897	ID:5	App: Epoch 22 finished Num NBR 4 Num new NBR 0
23980022	ID:5	NCO: 132
24290339	ID:4	App: Epoch 23 finished Num NBR 3 Num new NBR 0
24292534	ID:4	NCO: 140
24491923	ID:2	App: Epoch 23 finished Num NBR 3 Num new NBR 0
24494118	ID:2	NCO: 266
24625778	ID:3	App: Epoch 24 finished Num NBR 3 Num new NBR 0
24627972	ID:3	NCO: 200
24781470	ID:1	App: Epoch 23 finished Num NBR 4 Num new NBR 0
24783664	ID:1	NCO: 105
24977897	ID:5	App: Epoch 23 finished Num NBR 4 Num new NBR 0
24980094	ID:5	NCO: 301
25290339	ID:4	App: Epoch 24 finished Num NBR 4 Num new NBR 0
25292379	ID:4	NCO: 85
25491923	ID:2	App: Epoch 24 finished Num NBR 3 Num new NBR 0
25494118	ID:2	NCO: 251
25625778	ID:3	App: Epoch 25 finished Num NBR 4 Num new NBR 0
25627820	ID:3	NCO: 33
25781470	ID:1	App: Epoch 24 finished Num NBR 4 Num new NBR 0
25783511	ID:1	NCO: 46
25977897	ID:5	App: Epoch 24 finished Num NBR 3 Num new NBR 0
25980093	ID:5	NCO: 290
26290338	ID:4	App: Epoch 25 finished Num NBR 4 Num new NBR 0
26292158	ID:4	NCO: 170
26491923	ID:2	App: Epoch 25 finished Num NBR 3 Num new NBR 0
26493373	ID:2	NCO: 152
26625778	ID:3	App: Epoch 26 finished Num NBR 4 Num new NBR 0
26627973	ID:3	NCO: 198
26781470	ID:1	App: Epoch 25 finished Num NBR 4 Num new NBR 0
26783666	ID:1	NCO: 271
26977897	ID:5	App: Epoch 25 finished Num NBR 4 Num new NBR 0
26979939	ID:5	NCO: 51
27290339	ID:4	App: Epoch 26 finished Num NBR 4 Num new NBR 0
27292535	ID:4	NCO: 155
27491923	ID:2	App: Epoch 26 finished Num NBR 4 Num new NBR 0
27494121	ID:2	NCO: 305
27625778	ID:3	App: Epoch 27 finished Num NBR 4 Num new NBR 0
27627667	ID:3	NCO: 7
27781470	ID:1	App: Epoch 26 finished Num NBR 4 Num new NBR 0
27783511	ID:1	NCO: 28
27977897	ID:5	App: Epoch 26 finished Num NBR 3 Num new NBR 0
27980092	ID:5	NCO: 112
28290339	ID:4	App: Epoch 27 finished Num NBR 4 Num new NBR 0
28292533	ID:4	NCO: 120
28491923	ID:2	App: Epoch 27 finished Num NBR 3 Num new NBR 0
28495200	ID:2	NCO: 214
28625778	ID:3	App: Epoch 28 finished Num NBR 3 Num new NBR 0
28627973	ID:3	NCO: 116
28781470	ID:1	App: Epoch 27 finished Num NBR 4 Num new NBR 0
28783664	ID:1	NCO: 101
28977897	ID:5	App: Epoch 27 finished Num NBR 4 Num new NBR 0
28980023	ID:5	NCO: 233
29290339	ID:4	App: Epoch 28 finished Num NBR 3 Num new NBR 0
29292534	ID:4	NCO: 145
29491923	ID:2	App: Epoch 28 finished Num NBR 2 Num new NBR 0
29493964	ID:2	NCO: 23
29625778	ID:3	App: Epoch 29 finished Num NBR 4 Num new NBR 0
29627820	ID:3	NCO: 93
29781470	ID:1	App: Epoch 28 finished Num NBR 4 Num new NBR 0
29783598	ID:1	NCO: 314
29977897	ID:5	App: Epoch 28 finished Num NBR 4 Num new NBR 0
29980091	ID:5	NCO: 174
30290339	ID:4	App: Epoch 29 finished Num NBR 2 Num new NBR 0
30292380	ID:4	NCO: 54
30412240	ID:4	Energest: 0 33939 948874 2137 92707
30491923	ID:2	App: Epoch 29 finished Num NBR 2 Num new NBR 0
30494118	ID:2	NCO: 196
30596471	ID:3	Energest: 0 33720 949093 2275 92712
30625779	ID:3	App: Epoch 30 finished Num NBR 4 Num new NBR 0
30627825	ID:3	NCO: 18
30781470	ID:1	App: Epoch 29 finished Num NBR 4 Num new NBR 0
30783596	ID:1	NCO: 299
30977897	ID:5	App: Epoch 29 finished Num NBR 4 Num new NBR 0
30980093	ID:5	NCO: 271
31248612	ID:5	Energest: 0 39567 943246 2145 92722
31290340	ID:4	App: Epoch 30 finished Num NBR 3 Num new NBR 0
31292542	ID:4	NCO: 311
31316954	ID:2	Energest: 0 33714 949099 2180 92670
31458430	ID:1	Energest: 0 40142 942671 2131 92617
31491924	ID:2	App: Epoch 30 finished Num NBR 3 Num new NBR 0
31494126	ID:2	NCO: 301
31625779	ID:3	App: Epoch 31 finished Num NBR 4 Num new NBR 0
31627826	ID:3	NCO: 99
31781471	ID:1	App: Epoch 30 finished Num NBR 4 Num new NBR 0
31783289	ID:1	NCO: 8
31977898	ID:5	App: Epoch 30 finished Num NBR 3 Num new NBR 0
31979939	ID:5	NCO: 28
32290340	ID:4	App: Epoch 31 finished Num NBR 4 Num new NBR 0
32292539	ID:4	NCO: 228
32491924	ID:2	App: Epoch 31 finished Num NBR 4 Num new NBR 0
32494125	ID:2	NCO: 290
32625779	ID:3	App: Epoch 32 finished Num NBR 4 Num new NBR 0
32627979	ID:3	NCO: 288
32781471	ID:1	App: Epoch 31 finished Num NBR 4 Num new NBR 0
32783664	ID:1	NCO: 161
32977898	ID:5	App: Epoch 31 finished Num NBR 4 Num new NBR 0
32979940	ID:5	NCO: 37
33290340	ID:4	App: Epoch 32 finished Num NBR 4 Num new NBR 0
33292385	ID:4	NCO: 13
33491924	ID:2	App: Epoch 32 finished Num NBR 3 Num new NBR 0
33494123	ID:2	NCO: 243
33625779	ID:3	App: Epoch 33 finished Num NBR 4 Num new NBR 0
33627980	ID:3	NCO: 153
33781471	ID:1	App: Epoch 32 finished Num NBR 4 Num new NBR 0
33783666	ID:1	NCO: 198
33977898	ID:5	App: Epoch 32 finished Num NBR 4 Num new NBR 0
33979940	ID:5	NCO: 58
34290340	ID:4	App: Epoch 33 finished Num NBR 4 Num new NBR 0
34293619	ID:4	NCO: 258
34491924	ID:2	App: Epoch 33 finished Num NBR 4 Num new NBR 0
34493970	ID:2	NCO: 48
34625779	ID:3	App: Epoch 34 finished Num NBR 4 Num new NBR 0
34627980	ID:3	NCO: 158
34781471	ID:1	App: Epoch 33 finished Num NBR 4 Num new NBR 0
34783666	ID:1	NCO: 263
34977898	ID:5	App: Epoch 33 finished Num NBR 4 Num new NBR 0
34979939	ID:5	NCO: 43
35290340	ID:4	App: Epoch 34 finished Num NBR 2 Num new NBR 0
35292540	ID:4	NCO: 275
35491924	ID:2	App: Epoch 34 finished Num NBR 4 Num new NBR 0
35493970	ID:2	NCO: 41
35625779	ID:3	App: Epoch 35 finished Num NBR 4 Num new NBR 0
35627982	ID:3	NCO: 319
35781471	ID:1	App: Epoch 34 finished Num NBR 4 Num new NBR 0
35783665	ID:1	NCO: 244
35977898	ID:5	App: Epoch 34 finished Num NBR 4 Num new NBR 0
35980023	ID:5	NCO: 136
36290340	ID:4	App: Epoch 35 finished Num NBR 3 Num new NBR 0
36292385	ID:4	NCO: 80
36491924	ID:2	App: Epoch 35 finished Num NBR 3 Num new NBR 0
36494123	ID:2	NCO: 174
36625779	ID:3	App: Epoch 36 finished Num NBR 3 Num new NBR 0
36627978	ID:3	NCO: 204
36781471	ID:1	App: Epoch 35 finished Num NBR 4 Num new NBR 0
36783513	ID:1	NCO: 93
36977898	ID:5	App: Epoch 35 finished Num NBR 4 Num new NBR 0
36980091	ID:5	NCO: 161
37290340	ID:4	App: Epoch 36 finished Num NBR 4 Num new NBR 0
37292539	ID:4	NCO: 265
37491924	ID:2	App: Epoch 36 finished Num NBR 4 Num new NBR 0
37494124	ID:2	NCO: 143
37625779	ID:3	App: Epoch 37 finished Num NBR 4 Num new NBR 0
37627825	ID:3	NCO: 21
37781471	ID:1	App: Epoch 36 finished Num NBR 4 Num new NBR 0
37783442	ID:1	NCO: 18
37977898	ID:5	App: Epoch 36 finished Num NBR 3 Num new NBR 0
37979786	ID:5	NCO: 6
38290340	ID:4	App: Epoch 37 finished Num NBR 4 Num new NBR 0
38292539	ID:4	NCO: 142
38491924	ID:2	App: Epoch 37 finished Num NBR 3 Num new NBR 0
38494125	ID:2	NCO: 156
38625779	ID:3	App: Epoch 38 finished Num NBR 4 Num new NBR 0
38627980	ID:3	NCO: 298
38781471	ID:1	App: Epoch 37 finished Num NBR 4 Num new NBR 0
38783667	ID:1	NCO: 291
38977898	ID:5	App: Epoch 37 finished Num NBR 4 Num new NBR 0
38979786	ID:5	NCO: 7
39290340	ID:4	App: Epoch 38 finished Num NBR 3 Num new NBR 0
39292541	ID:4	NCO: 303
39491924	ID:2	App: Epoch 38 finished Num NBR 4 Num new NBR 0
39494125	ID:2	NCO: 293
39625779	ID:3	App: Epoch 39 finished Num NBR 4 Num new NBR 0
39627825	ID:3	NCO: 27
39781471	ID:1	App: Epoch 38 finished Num NBR 4 Num new NBR 0
39783666	ID:1	NCO: 288
39977898	ID:5	App: Epoch 38 finished Num NBR 4 Num new NBR 0
39979940	ID:5	NCO: 52
40290340	ID:4	App: Epoch 39 finished Num NBR 3 Num new NBR 0
40292542	ID:4	NCO: 316
40491924	ID:2	App: Epoch 39 finished Num NBR 4 Num new NBR 0
40493971	ID:2	NCO: 58
40625778	ID:3	App: Epoch 40 finished Num NBR 4 Num new NBR 0
40627972	ID:3	NCO: 120
40781471	ID:1	App: Epoch 39 finished Num NBR 4 Num new NBR 0
40783512	ID:1	NCO: 89
40977898	ID:5	App: Epoch 39 finished Num NBR 4 Num new NBR 0
40980093	ID:5	NCO: 285
41290339	ID:4	App: Epoch 40 finished Num NBR 3 Num new NBR 0
41292534	ID:4	NCO: 133
41491923	ID:2	App: Epoch 40 finished Num NBR 3 Num new NBR 0
41494117	ID:2	NCO: 107
41625778	ID:3	App: Epoch 41 finished Num NBR 4 Num new NBR 0
41627819	ID:3	NCO: 17
41781470	ID:1	App: Epoch 40 finished Num NBR 4 Num new NBR 0
41783666	ID:1	NCO: 158
41977897	ID:5	App: Epoch 40 finished Num NBR 4 Num new NBR 0
41979938	ID:5	NCO: 82
42290339	ID:4	App: Epoch 41 finished Num NBR 3 Num new NBR 0
42292534	ID:4	NCO: 218
42491923	ID:2	App: Epoch 41 finished Num NBR 3 Num new NBR 0
42494118	ID:2	NCO: 136
42625778	ID:3	App: Epoch 42 finished Num NBR 4 Num new NBR 0
42627972	ID:3	NCO: 182
42781470	ID:1	App: Epoch 41 finished Num NBR 4 Num new NBR 0
42783665	ID:1	NCO: 191
42977897	ID:5	App: Epoch 41 finished Num NBR 4 Num new NBR 0
42980090	ID:5	NCO: 163
43290339	ID:4	App: Epoch 42 finished Num NBR 4 Num new NBR 0
43292533	ID:4	NCO: 203
43491923	ID:2	App: Epoch 42 finished Num NBR 3 Num new NBR 0
43494118	ID:2	NCO: 225
43625778	ID:3	App: Epoch 43 finished Num NBR 4 Num new NBR 0
43627820	ID:3	NCO: 55
43781470	ID:1	App: Epoch 42 finished Num NBR 4 Num new NBR 0
43784745	ID:1	NCO: 204
43977897	ID:5	App: Epoch 42 finished Num NBR 4 Num new NBR 0
43980092	ID:5	NCO: 224
44290339	ID:4	App: Epoch 43 finished Num NBR 4 Num new NBR 0
44292379	ID:4	NCO: 40
44491923	ID:2	App: Epoch 43 finished Num NBR 3 Num new NBR 0
44493896	ID:2	NCO: 70
44625778	ID:3	App: Epoch 44 finished Num NBR 4 Num new NBR 0
44627974	ID:3	NCO: 292
44781470	ID:1	App: Epoch 43 finished Num NBR 4 Num new NBR 0
44783511	ID:1	NCO: 85
44977897	ID:5	App: Epoch 43 finished Num NBR 4 Num new NBR 0
44979938	ID:5	NCO: 25
45290339	ID:4	App: Epoch 44 finished Num NBR 3 Num new NBR 0
45292227	ID:4	NCO: 1
45412231	ID:4	Energest: 1 16528 474992 1101 46156
45491923	ID:2	App: Epoch 44 finished Num NBR 4 Num new NBR 0
45493812	ID:2	NCO: 7
45596453	ID:3	Energest: 1 16562 474958 1128 46199
45625778	ID:3	App: Epoch 45 finished Num NBR 4 Num new NBR 0
45627973	ID:3	NCO: 269
45781470	ID:1	App: Epoch 44 finished Num NBR 4 Num new NBR 0
45783511	ID:1	NCO: 42
45977897	ID:5	App: Epoch 44 finished Num NBR 3 Num new NBR 0
45980092	ID:5	NCO: 286
46248590	ID:5	Energest: 1 19436 472084 1122 46225
46290339	ID:4	App: Epoch 45 finished Num NBR 3 Num new NBR 0
46292535	ID:4	NCO: 294
46316941	ID:2	Energest: 1 16803 474717 1116 46211
46458424	ID:1	Energest: 1 19568 471952 1109 46172
46491923	ID:2	App: Epoch 45 finished Num NBR 4 Num new NBR 0
46494117	ID:2	NCO: 180
46625778	ID:3	App: Epoch 46 finished Num NBR 4 Num new NBR 0
46627973	ID:3	NCO: 194
46781470	ID:1	App: Epoch 45 finished Num NBR 4 Num new NBR 0
46783666	ID:1	NCO: 155
46977897	ID:5	App: Epoch 45 finished Num NBR 4 Num new NBR 0
46980095	ID:5	NCO: 319
47290339	ID:4	App: Epoch 46 finished Num NBR 4 Num new NBR 0
47292535	ID:4	NCO: 295
47491923	ID:2	App: Epoch 46 finished Num NBR 4 Num new NBR 0
47493965	ID:2	NCO: 93
47625778	ID:3	App: Epoch 47 finished Num NBR 4 Num new NBR 0
47627974	ID:3	NCO: 275
47781470	ID:1	App: Epoch 46 finished Num NBR 4 Num new NBR 0
47783598	ID:1	NCO: 312
47977897	ID:5	App: Epoch 46 finished Num NBR 4 Num new NBR 0
47980092	ID:5	NCO: 140
48290339	ID:4	App: Epoch 47 finished Num NBR 2 Num new NBR 0
48292379	ID:4	NCO: 84
48491923	ID:2	App: Epoch 47 finished Num NBR 2 Num new NBR 0
48494118	ID:2	NCO: 146
48625778	ID:3	App: Epoch 48 finished Num NBR 4 Num new NBR 0
48627974	ID:3	NCO: 272
48781470	ID:1	App: Epoch 47 finished Num NBR 4 Num new NBR 0
48783441	ID:1	NCO: 17
48977897	ID:5	App: Epoch 47 finished Num NBR 3 Num new NBR 0
48980022	ID:5	NCO: 149
49290338	ID:4	App: Epoch 48 finished Num NBR 3 Num new NBR 0
49292462	ID:4	NCO: 189
49491923	ID:2	App: Epoch 48 finished Num NBR 2 Num new NBR 0
49493965	ID:2	NCO: 99
49625778	ID:3	App: Epoch 49 finished Num NBR 4 Num new NBR 0
49627973	ID:3	NCO: 265
49781470	ID:1	App: Epoch 48 finished Num NBR 4 Num new NBR 0
49783287	ID:1	NCO: 182
49977897	ID:5	App: Epoch 48 finished Num NBR 4 Num new NBR 0
49980091	ID:5	NCO: 106
50290339	ID:4	App: Epoch 49 finished Num NBR 4 Num new NBR 0
50292380	ID:4	NCO: 50
50491923	ID:2	App: Epoch 49 finished Num NBR 3 Num new NBR 0
50494118	ID:2	NCO: 224
50625779	ID:3	App: Epoch 50 finished Num NBR 3 Num new NBR 0
50627980	ID:3	NCO: 270
50781470	ID:1	App: Epoch 49 finished Num NBR 4 Num new NBR 0
50783664	ID:1	NCO: 183
50977897	ID:5	App: Epoch 49 finished Num NBR 4 Num new NBR 0
50979939	ID:5	NCO: 91
51290340	ID:4	App: Epoch 50 finished Num NBR 4 Num new NBR 0
51292233	ID:4	NCO: 3
51491924	ID:2	App: Epoch 50 finished Num NBR 4 Num new NBR 0
51494124	ID:2	NCO: 217
51625779	ID:3	App: Epoch 51 finished Num NBR 4 Num new NBR 0
51627981	ID:3	NCO: 303
51781471	ID:1	App: Epoch 50 finished Num NBR 4 Num new NBR 0
51783664	ID:1	NCO: 164
51977898	ID:5	App: Epoch 50 finished Num NBR 4 Num new NBR 0
51979940	ID:5	NCO: 56
52290340	ID:4	App: Epoch 51 finished Num NBR 4 Num new NBR 0
52292539	ID:4	NCO: 256
52491924	ID:2	App: Epoch 51 finished Num NBR 4 Num new NBR 0
52493971	ID:2	NCO: 30
52625779	ID:3	App: Epoch 52 finished Num NBR 4 Num new NBR 0
52627978	ID:3	NCO: 124
52781471	ID:1	App: Epoch 51 finished Num NBR 4 Num new NBR 0
52783514	ID:1	NCO: 77
52977898	ID:5	App: Epoch 51 finished Num NBR 4 Num new NBR 0
52980022	ID:5	NCO: 209
53290340	ID:4	App: Epoch 52 finished Num NBR 2 Num new NBR 0
53292386	ID:4	NCO: 57
53491924	ID:2	App: Epoch 52 finished Num NBR 2 Num new NBR 0
53494124	ID:2	NCO: 191
53625779	ID:3	App: Epoch 53 finished Num NBR 4 Num new NBR 0
53627672	ID:3	NCO: 5
53781471	ID:1	App: Epoch 52 finished Num NBR 4 Num new NBR 0
53783359	ID:1	NCO: 2
53977898	ID:5	App: Epoch 52 finished Num NBR 4 Num new NBR 0
53980096	ID:5	NCO: 310
54290340	ID:4	App: Epoch 53 finished Num NBR 4 Num new NBR 0
54292386	ID:4	NCO: 62
54491924	ID:2	App: Epoch 53 finished Num NBR 3 Num new NBR 0
54493970	ID:2	NCO: 12
54625779	ID:3	App: Epoch 54 finished Num NBR 3 Num new NBR 0
54627979	ID:3	NCO: 282
54781471	ID:1	App: Epoch 53 finished Num NBR 3 Num new NBR 0
54783442	ID:1	NCO: 19
54977898	ID:5	App: Epoch 53 finished Num NBR 2 Num new NBR 0
54979940	ID:5	NCO: 55
55290340	ID:4	App: Epoch 54 finished Num NBR 3 Num new NBR 0
55292386	ID:4	NCO: 95
55491924	ID:2	App: Epoch 54 finished Num NBR 3 Num new NBR 0
55494124	ID:2	NCO: 149
55625779	ID:3	App: Epoch 55 finished Num NBR 4 Num new NBR 0
55627979	ID:3	NCO: 267
55781471	ID:1	App: Epoch 54 finished Num NBR 4 Num new NBR 0
55783442	ID:1	NCO: 16
55977898	ID:5	App: Epoch 54 finished Num NBR 3 Num new NBR 0
55980094	ID:5	NCO: 292
56290340	ID:4	App: Epoch 55 finished Num NBR 4 Num new NBR 0
56292385	ID:4	NCO: 44
56491924	ID:2	App: Epoch 55 finished Num NBR 3 Num new NBR 0
56494123	ID:2	NCO: 170
56625779	ID:3	App: Epoch 56 finished Num NBR 4 Num new NBR 0
56627977	ID:3	NCO: 168
56781471	ID:1	App: Epoch 55 finished Num NBR 4 Num new NBR 0
56783666	ID:1	NCO: 137
56977898	ID:5	App: Epoch 55 finished Num NBR 4 Num new NBR 0
56979941	ID:5	NCO: 77
57290339	ID:4	App: Epoch 56 finished Num NBR 4 Num new NBR 0
57292009	ID:4	NCO: 53
57491924	ID:2	App: Epoch 56 finished Num NBR 3 Num new NBR 0
57494124	ID:2	NCO: 219
57625779	ID:3	App: Epoch 57 finished Num NBR 4 Num new NBR 0
57627979	ID:3	NCO: 193
57781471	ID:1	App: Epoch 56 finished Num NBR 4 Num new NBR 0
57783667	ID:1	NCO: 270
57977898	ID:5	App: Epoch 56 finished Num NBR 4 Num new NBR 0
57979786	ID:5	NCO: 2
58290340	ID:4	App: Epoch 57 finished Num NBR 4 Num new NBR 0
58292539	ID:4	NCO: 266
58491924	ID:2	App: Epoch 57 finished Num NBR 4 Num new NBR 0
58494123	ID:2	NCO: 120
58625779	ID:3	App: Epoch 58 finished Num NBR 4 Num new NBR 0
58627826	ID:3	NCO: 38
58781471	ID:1	App: Epoch 57 finished Num NBR 4 Num new NBR 0
58783666	ID:1	NCO: 111
58977898	ID:5	App: Epoch 57 finished Num NBR 4 Num new NBR 0
58980094	ID:5	NCO: 275
59290340	ID:4	App: Epoch 58 finished Num NBR 3 Num new NBR 0
59292538	ID:4	NCO: 123
59491924	ID:2	App: Epoch 58 finished Num NBR 3 Num new NBR 0
59494125	ID:2	NCO: 273
59625779	ID:3	App: Epoch 59 finished Num NBR 4 Num new NBR 0
59627980	ID:3	NCO: 231
59781471	ID:1	App: Epoch 58 finished Num NBR 4 Num new NBR 0
59783665	ID:1	NCO: 188
59977898	ID:5	App: Epoch 58 finished Num NBR 4 Num new NBR 0
59980094	ID:5	NCO: 272
60290340	ID:4	App: Epoch 59 finished Num NBR 4 Num new NBR 0
60292385	ID:4	NCO: 24
60412236	ID:4	Energest: 2 16470 475050 1111 46233
60491924	ID:2	App: Epoch 59 finished Num NBR 3 Num new NBR 0
60494124	ID:2	NCO: 118
60596450	ID:3	Energest: 2 16625 474895 1124 46184
60625779	ID:3	App: Epoch 60 finished Num NBR 4 Num new NBR 0
60627979	ID:3	NCO: 212
60781471	ID:1	App: Epoch 59 finished Num NBR 4 Num new NBR 0
60783359	ID:1	NCO: 5
60977898	ID:5	App: Epoch 59 finished Num NBR 3 Num new NBR 0
60980023	ID:5	NCO: 137
61248597	ID:5	Energest: 2 19976 471544 1061 46205
61290340	ID:4	App: Epoch 60 finished Num NBR 2 Num new NBR 0
61292541	ID:4	NCO: 305
61316938	ID:2	Energest: 2 16496 475024 1127 46190
61458419	ID:1	Energest: 2 19828 471692 1087 46228
61491924	ID:2	App: Epoch 60 finished Num NBR 3 Num new NBR 0
61494123	ID:2	NCO: 183
61625779	ID:3	App: Epoch 61 finished Num NBR 3 Num new NBR 0
61627978	ID:3	NCO: 125
61781471	ID:1	App: Epoch 60 finished Num NBR 4 Num new NBR 0
61783513	ID:1	NCO: 90
61977898	ID:5	App: Epoch 60 finished Num NBR 4 Num new NBR 0
61979941	ID:5	NCO: 78
62290339	ID:4	App: Epoch 61 finished Num NBR 4 Num new NBR 0
62292008	ID:4	NCO: 86
62491924	ID:2	App: Epoch 61 finished Num NBR 3 Num new NBR 0
62495201	ID:2	NCO: 164
62625779	ID:3	App: Epoch 62 finished Num NBR 4 Num new NBR 0
62627978	ID:3	NCO: 242
62781471	ID:1	App: Epoch 61 finished Num NBR 4 Num new NBR 0
62783666	ID:1	NCO: 267
62977898	ID:5	App: Epoch 61 finished Num NBR 4 Num new NBR 0
62980095	ID:5	NCO: 303
63290340	ID:4	App: Epoch 62 finished Num NBR 4 Num new NBR 0
63292540	ID:4	NCO: 151
63491924	ID:2	App: Epoch 62 finished Num NBR 3 Num new NBR 0
63494124	ID:2	NCO: 269
63625779	ID:3	App: Epoch 63 finished Num NBR 4 Num new NBR 0
63627979	ID:3	NCO: 131
63781471	ID:1	App: Epoch 62 finished Num NBR 4 Num new NBR 0
63783512	ID:1	NCO: 40
63977898	ID:5	App: Epoch 62 finished Num NBR 3 Num new NBR 0
63979940	ID:5	NCO: 60
64290339	ID:4	App: Epoch 63 finished Num NBR 4 Num new NBR 0
64292462	ID:4	NCO: 196
64491924	ID:2	App: Epoch 63 finished Num NBR 3 Num new NBR 0
64494124	ID:2	NCO: 130
64625779	ID:3	App: Epoch 64 finished Num NBR 3 Num new NBR 0
64627979	ID:3	NCO: 256
64781471	ID:1	App: Epoch 63 finished Num NBR 3 Num new NBR 0
64783665	ID:1	NCO: 129
64977898	ID:5	App: Epoch 63 finished Num NBR 3 Num new NBR 0
64980093	ID:5	NCO: 197
65290340	ID:4	App: Epoch 64 finished Num NBR 4 Num new NBR 0
65292538	ID:4	NCO: 173
65491924	ID:2	App: Epoch 64 finished Num NBR 3 Num new NBR 0
65493970	ID:2	NCO: 19
65625779	ID:3	App: Epoch 65 finished Num NBR 4 Num new NBR 0
65627978	ID:3	NCO: 121
65781471	ID:1	App: Epoch 64 finished Num NBR 4 Num new NBR 0
65783665	ID:1	NCO: 102
65977898	ID:5	App: Epoch 64 finished Num NBR 4 Num new NBR 0
65979940	ID:5	NCO: 90
66290340	ID:4	App: Epoch 65 finished Num NBR 3 Num new NBR 0
66292539	ID:4	NCO: 226
66491924	ID:2	App: Epoch 65 finished Num NBR 4 Num new NBR 0
66493970	ID:2	NCO: 16
66625779	ID:3	App: Epoch 66 finished Num NBR 4 Num new NBR 0
66627978	ID:3	NCO: 126
66781471	ID:1	App: Epoch 65 finished Num NBR 4 Num new NBR 0
66783667	ID:1	NCO: 295
66977898	ID:5	App: Epoch 65 finished Num NBR 4 Num new NBR 0
66980093	ID:5	NCO: 267
67290340	ID:4	App: Epoch 66 finished Num NBR 2 Num new NBR 0
67292539	ID:4	NCO: 115
67491924	ID:2	App: Epoch 66 finished Num NBR 3 Num new NBR 0
67494124	ID:2	NCO: 137
67625779	ID:3	App: Epoch 67 finished Num NBR 4 Num new NBR 0
67627979	ID:3	NCO: 287
67781471	ID:1	App: Epoch 66 finished Num NBR 4 Num new NBR 0
67783289	ID:1	NCO: 148
67977898	ID:5	App: Epoch 66 finished Num NBR 4 Num new NBR 0
67980092	ID:5	NCO: 104
68290340	ID:4	App: Epoch 67 finished Num NBR 4 Num new NBR 0
68292541	ID:4	NCO: 304
68491924	ID:2	App: Epoch 67 finished Num NBR 4 Num new NBR 0
68494123	ID:2	NCO: 206
68625779	ID:3	App: Epoch 68 finished Num NBR 3 Num new NBR 0
68627980	ID:3	NCO: 236
68781471	ID:1	App: Epoch 67 finished Num NBR 4 Num new NBR 0
68783665	ID:1	NCO: 189
68977898	ID:5	App: Epoch 67 finished Num NBR 4 Num new NBR 0
68979940	ID:5	NCO: 65
69290340	ID:4	App: Epoch 68 finished Num NBR 4 Num new NBR 0
69292537	ID:4	NCO: 169
69491924	ID:2	App: Epoch 68 finished Num NBR 3 Num new NBR 0
69494126	ID:2	NCO: 303
69625779	ID:3	App: Epoch 69 finished Num NBR 4 Num new NBR 0
69627981	ID:3	NCO: 309
69781471	ID:1	App: Epoch 68 finished Num NBR 4 Num new NBR 0
69783513	ID:1	NCO: 50
69977898	ID:5	App: Epoch 68 finished Num NBR 3 Num new NBR 0
69980091	ID:5	NCO: 166
70290340	ID:4	App: Epoch 69 finished Num NBR 3 Num new NBR 0
70292541	ID:4	NCO: 302
70491924	ID:2	App: Epoch 69 finished Num NBR 3 Num new NBR 0
70493971	ID:2	NCO: 60
70625780	ID:3	App: Epoch 70 finished Num NBR 4 Num new NBR 0
70627973	ID:3	NCO: 266
70781471	ID:1	App: Epoch 69 finished Num NBR 4 Num new NBR 0
70783513	ID:1	NCO: 67
70977898	ID:5	App: Epoch 69 finished Num NBR 4 Num new NBR 0
70980094	ID:5	NCO: 231
71290341	ID:4	App: Epoch 70 finished Num NBR 3 Num new NBR 0
71292532	ID:4	NCO: 207
71491925	ID:2	App: Epoch 70 finished Num NBR 3 Num new NBR 0
71493393	ID:2	NCO: 261
71625780	ID:3	App: Epoch 71 finished Num NBR 4 Num new NBR 0
71627820	ID:3	NCO: 59
71781472	ID:1	App: Epoch 70 finished Num NBR 4 Num new NBR 0
71783364	ID:1	NCO: 0
71977899	ID:5	App: Epoch 70 finished Num NBR 3 Num new NBR 0
71980098	ID:5	NCO: 148
72290341	ID:4	App: Epoch 71 finished Num NBR 4 Num new NBR 0
72292534	ID:4	NCO: 156
72491925	ID:2	App: Epoch 71 finished Num NBR 4 Num new NBR 0
72494121	ID:2	NCO: 282
72625780	ID:3	App: Epoch 72 finished Num NBR 4 Num new NBR 0
72627973	ID:3	NCO: 216
72781472	ID:1	App: Epoch 71 finished Num NBR 4 Num new NBR 0
72783670	ID:1	NCO: 121
72977899	ID:5	App: Epoch 71 finished Num NBR 4 Num new NBR 0
72980101	ID:5	NCO: 317
73290341	ID:4	App: Epoch 72 finished Num NBR 4 Num new NBR 0
73292534	ID:4	NCO: 293
73491925	ID:2	App: Epoch 72 finished Num NBR 4 Num new NBR 0
73494120	ID:2	NCO: 203
73625780	ID:3	App: Epoch 73 finished Num NBR 4 Num new NBR 0
73627972	ID:3	NCO: 241
73781472	ID:1	App: Epoch 72 finished Num NBR 4 Num new NBR 0
73783671	ID:1	NCO: 190
73977899	ID:5	App: Epoch 72 finished Num NBR 4 Num new NBR 0
73980100	ID:5	NCO: 306
74290340	ID:4	App: Epoch 73 finished Num NBR 3 Num new NBR 0
74292462	ID:4	NCO: 186
74491925	ID:2	App: Epoch 73 finished Num NBR 2 Num new NBR 0
74494122	ID:2	NCO: 232
74625780	ID:3	App: Epoch 74 finished Num NBR 4 Num new NBR 0
74627819	ID:3	NCO: 86
74781472	ID:1	App: Epoch 73 finished Num NBR 4 Num new NBR 0
74783671	ID:1	NCO: 223
74977899	ID:5	App: Epoch 73 finished Num NBR 4 Num new NBR 0
74980098	ID:5	NCO: 195
75290341	ID:4	App: Epoch 74 finished Num NBR 4 Num new NBR 0
75292534	ID:4	NCO: 299
75412228	ID:4	Energest: 3 16669 474851 1077 46191
75491925	ID:2	App: Epoch 74 finished Num NBR 4 Num new NBR 0
75494121	ID:2	NCO: 193
75596453	ID:3	Energest: 3 16526 474994 1137 46180
75625780	ID:3	App: Epoch 75 finished Num NBR 4 Num new NBR 0
75627973	ID:3	NCO: 215
75781472	ID:1	App: Epoch 74 finished Num NBR 4 Num new NBR 0
75783604	ID:1	NCO: 300
75977899	ID:5	App: Epoch 74 finished Num NBR 4 Num new NBR 0
75980098	ID:5	NCO: 192
76248591	ID:5	Energest: 3 19509 472011 1132 46189
76290340	ID:4	App: Epoch 75 finished Num NBR 3 Num new NBR 0
76292311	ID:4	NCO: 72
76316940	ID:2	Energest: 3 16507 475013 1096 46179
76458425	ID:1	Energest: 3 19614 471906 1114 46213
76491925	ID:2	App: Epoch 75 finished Num NBR 2 Num new NBR 0
76493897	ID:2	NCO: 38
76625780	ID:3	App: Epoch 76 finished Num NBR 4 Num new NBR 0
76627973	ID:3	NCO: 132
76781472	ID:1	App: Epoch 75 finished Num NBR 4 Num new NBR 0
76783670	ID:1	NCO: 181
76977899	ID:5	App: Epoch 75 finished Num NBR 3 Num new NBR 0
76980032	ID:5	NCO: 313
77290341	ID:4	App: Epoch 76 finished Num NBR 3 Num new NBR 0
77292531	ID:4	NCO: 161
77491925	ID:2	App: Epoch 76 finished Num NBR 3 Num new NBR 0
77494120	ID:2	NCO: 103
77625780	ID:3	App: Epoch 77 finished Num NBR 2 Num new NBR 0
77627972	ID:3	NCO: 109
77781472	ID:1	App: Epoch 76 finished Num NBR 2 Num new NBR 0
77783519	ID:1	NCO: 74
77977899	ID:5	App: Epoch 76 finished Num NBR 4 Num new NBR 0
77980098	ID:5	NCO: 190
78290340	ID:4	App: Epoch 77 finished Num NBR 2 Num new NBR 0
78292311	ID:4	NCO: 70
78491925	ID:2	App: Epoch 77 finished Num NBR 2 Num new NBR 0
78494121	ID:2	NCO: 212
78625780	ID:3	App: Epoch 78 finished Num NBR 4 Num new NBR 0
78627820	ID:3	NCO: 34
78781472	ID:1	App: Epoch 77 finished Num NBR 4 Num new NBR 0
78783671	ID:1	NCO: 251
78977899	ID:5	App: Epoch 77 finished Num NBR 4 Num new NBR 0
78980098	ID:5	NCO: 287
79290340	ID:4	App: Epoch 78 finished Num NBR 4 Num new NBR 0
79292311	ID:4	NCO: 71
79491925	ID:2	App: Epoch 78 finished Num NBR 3 Num new NBR 0
79494121	ID:2	NCO: 253
79625780	ID:3	App: Epoch 79 finished Num NBR 4 Num new NBR 0
79627973	ID:3	NCO: 115
79781472	ID:1	App: Epoch 78 finished Num NBR 4 Num new NBR 0
79783672	ID:1	NCO: 152
79977899	ID:5	App: Epoch 78 finished Num NBR 4 Num new NBR 0
79980097	ID:5	NCO: 172
80290340	ID:4	App: Epoch 79 finished Num NBR 4 Num new NBR 0
80292465	ID:4	NCO: 308
80491925	ID:2	App: Epoch 79 finished Num NBR 4 Num new NBR 0
80494120	ID:2	NCO: 242
80625778	ID:3	App: Epoch 80 finished Num NBR 3 Num new NBR 0
80627973	ID:3	NCO: 112
80781472	ID:1	App: Epoch 79 finished Num NBR 3 Num new NBR 0
80783604	ID:1	NCO: 305
80977899	ID:5	App: Epoch 79 finished Num NBR 3 Num new NBR 0
80980097	ID:5	NCO: 181
81290339	ID:4	App: Epoch 80 finished Num NBR 4 Num new NBR 0
81292534	ID:4	NCO: 221
81491923	ID:2	App: Epoch 80 finished Num NBR 2 Num new NBR 0
81493742	ID:2	NCO: 3
81625778	ID:3	App: Epoch 81 finished Num NBR 4 Num new NBR 0
81627974	ID:3	NCO: 297
81781470	ID:1	App: Epoch 80 finished Num NBR 4 Num new NBR 0
81783666	ID:1	NCO: 150
81977897	ID:5	App: Epoch 80 finished Num NBR 4 Num new NBR 0
81979938	ID:5	NCO: 10
82290339	ID:4	App: Epoch 81 finished Num NBR 3 Num new NBR 0
82292534	ID:4	NCO: 210
82491923	ID:2	App: Epoch 81 finished Num NBR 3 Num new NBR 0
82493965	ID:2	NCO: 64
82625778	ID:3	App: Epoch 82 finished Num NBR 4 Num new NBR 0
82627975	ID:3	NCO: 302
82781470	ID:1	App: Epoch 81 finished Num NBR 4 Num new NBR 0
82783666	ID:1	NCO: 151
82977897	ID:5	App: Epoch 81 finished Num NBR 4 Num new NBR 0
82979939	ID:5	NCO: 59
83290339	ID:4	App: Epoch 82 finished Num NBR 3 Num new NBR 0
83292534	ID:4	NCO: 227
83491923	ID:2	App: Epoch 82 finished Num NBR 4 Num new NBR 0
83494122	ID:2	NCO: 313
83625778	ID:3	App: Epoch 83 finished Num NBR 4 Num new NBR 0
83627972	ID:3	NCO: 207
83781470	ID:1	App: Epoch 82 finished Num NBR 4 Num new NBR 0
83783512	ID:1	NCO: 68
83977897	ID:5	App: Epoch 82 finished Num NBR 4 Num new NBR 0
83980093	ID:5	NCO: 152
84290339	ID:4	App: Epoch 83 finished Num NBR 4 Num new NBR 0
84292534	ID:4	NCO: 288
84491923	ID:2	App: Epoch 83 finished Num NBR 4 Num new NBR 0
84494117	ID:2	NCO: 126
84625778	ID:3	App: Epoch 84 finished Num NBR 4 Num new NBR 0
84627973	ID:3	NCO: 220
84781470	ID:1	App: Epoch 83 finished Num NBR 4 Num new NBR 0
84783511	ID:1	NCO: 45
84977897	ID:5	App: Epoch 83 finished Num NBR 3 Num new NBR 0
84979938	ID:5	NCO: 49
85290339	ID:4	App: Epoch 84 finished Num NBR 3 Num new NBR 0
85292379	ID:4	NCO: 25
85491923	ID:2	App: Epoch 84 finished Num NBR 3 Num new NBR 0
85493965	ID:2	NCO: 31
85625778	ID:3	App: Epoch 85 finished Num NBR 4 Num new NBR 0
85627973	ID:3	NCO: 229
85781470	ID:1	App: Epoch 84 finished Num NBR 4 Num new NBR 0
85783663	ID:1	NCO: 162
85977897	ID:5	App: Epoch 84 finished Num NBR 4 Num new NBR 0
85980092	ID:5	NCO: 214
86290339	ID:4	App: Epoch 85 finished Num NBR 3 Num new NBR 0
86292534	ID:4	NCO: 222
86491923	ID:2	App: Epoch 85 finished Num NBR 3 Num new NBR 0
86494120	ID:2	NCO: 236
86625778	ID:3	App: Epoch 86 finished Num NBR 4 Num new NBR 0
86627972	ID:3	NCO: 122
86781470	ID:1	App: Epoch 85 finished Num NBR 4 Num new NBR 0
86783664	ID:1	NCO: 243
86977897	ID:5	App: Epoch 85 finished Num NBR 4 Num new NBR 0
86980093	ID:5	NCO: 279
87290339	ID:4	App: Epoch 86 finished Num NBR 4 Num new NBR 0
87292534	ID:4	NCO: 255
87491923	ID:2	App: Epoch 86 finished Num NBR 4 Num new NBR 0
87494121	ID:2	NCO: 309
87625778	ID:3	App: Epoch 87 finished Num NBR 4 Num new NBR 0
87627819	ID:3	NCO: 43
87781470	ID:1	App: Epoch 86 finished Num NBR 4 Num new NBR 0
87783664	ID:1	NCO: 176
87977897	ID:5	App: Epoch 86 finished Num NBR 4 Num new NBR 0
87979939	ID:5	NCO: 68
88290339	ID:4	App: Epoch 87 finished Num NBR 4 Num new NBR 0
88292533	ID:4	NCO: 204
88491923	ID:2	App: Epoch 87 finished Num NBR 3 Num new NBR 0
88494118	ID:2	NCO: 266
88625778	ID:3	App: Epoch 88 finished Num NBR 4 Num new NBR 0
88627821	ID:3	NCO: 72
88781470	ID:1	App: Epoch 87 finished Num NBR 4 Num new NBR 0
88783663	ID:1	NCO: 169
88977897	ID:5	App: Epoch 87 finished Num NBR 4 Num new NBR 0
88980024	ID:5	NCO: 301
89290339	ID:4	App: Epoch 88 finished Num NBR 3 Num new NBR 0
89292379	ID:4	NCO: 85
89491923	ID:2	App: Epoch 88 finished Num NBR 2 Num new NBR 0
89493965	ID:2	NCO: 59
89625778	ID:3	App: Epoch 89 finished Num NBR 4 Num new NBR 0
89627820	ID:3	NCO: 97
89781469	ID:1	App: Epoch 88 finished Num NBR 4 Num new NBR 0
89783133	ID:1	NCO: 46
89977897	ID:5	App: Epoch 88 finished Num NBR 4 Num new NBR 0
89979939	ID:5	NCO: 98
90290339	ID:4	App: Epoch 89 finished Num NBR 3 Num new NBR 0
90292533	ID:4	NCO: 106
90412228	ID:4	Energest: 4 16603 474917 1061 46210
90491923	ID:2	App: Epoch 89 finished Num NBR 3 Num new NBR 0
90493894	ID:2	NCO: 88
90596450	ID:3	Energest: 4 16720 474800 1128 46190
90625779	ID:3	App: Epoch 90 finished Num NBR 3 Num new NBR 0
90627672	ID:3	NCO: 6
90781470	ID:1	App: Epoch 89 finished Num NBR 4 Num new NBR 0
90783513	ID:1	NCO: 79
90977897	ID:5	App: Epoch 89 finished Num NBR 4 Num new NBR 0
90980092	ID:5	NCO: 115
91248599	ID:5	Energest: 4 19708 471812 1090 46199
91290340	ID:4	App: Epoch 90 finished Num NBR 3 Num new NBR 0
91292385	ID:4	NCO: 27
91316940	ID:2	Energest: 4 16504 475016 1122 46210
91458416	ID:1	Energest: 4 19497 472023 1115 46208
91491924	ID:2	App: Epoch 90 finished Num NBR 4 Num new NBR 0
91494126	ID:2	NCO: 305
91625779	ID:3	App: Epoch 91 finished Num NBR 3 Num new NBR 0
91627827	ID:3	NCO: 71
91781471	ID:1	App: Epoch 90 finished Num NBR 4 Num new NBR 0
91783666	ID:1	NCO: 284
91977898	ID:5	App: Epoch 90 finished Num NBR 4 Num new NBR 0
91979939	ID:5	NCO: 48
92290339	ID:4	App: Epoch 91 finished Num NBR 3 Num new NBR 0
92292461	ID:4	NCO: 248
92491924	ID:2	App: Epoch 91 finished Num NBR 4 Num new NBR 0
92494125	ID:2	NCO: 150
92625779	ID:3	App: Epoch 92 finished Num NBR 4 Num new NBR 0
92627826	ID:3	NCO: 52
92781471	ID:1	App: Epoch 91 finished Num NBR 4 Num new NBR 0
92783290	ID:1	NCO: 293
92977898	ID:5	App: Epoch 91 finished Num NBR 4 Num new NBR 0
92980092	ID:5	NCO: 105
93290340	ID:4	App: Epoch 92 finished Num NBR 4 Num new NBR 0
93292538	ID:4	NCO: 209
93491924	ID:2	App: Epoch 92 finished Num NBR 3 Num new NBR 0
93494124	ID:2	NCO: 215
93625779	ID:3	App: Epoch 93 finished Num NBR 3 Num new NBR 0
93627979	ID:3	NCO: 221
93781471	ID:1	App: Epoch 92 finished Num NBR 4 Num new NBR 0
93783599	ID:1	NCO: 314
93977898	ID:5	App: Epoch 92 finished Num NBR 4 Num new NBR 0
93979939	ID:5	NCO: 46
94290340	ID:4	App: Epoch 93 finished Num NBR 3 Num new NBR 0
94292538	ID:4	NCO: 246
94491924	ID:2	App: Epoch 93 finished Num NBR 3 Num new NBR 0
94494124	ID:2	NCO: 196
94625779	ID:3	App: Epoch 94 finished Num NBR 3 Num new NBR 0
94627980	ID:3	NCO: 274
94781471	ID:1	App: Epoch 93 finished Num NBR 3 Num new NBR 0
94783665	ID:1	NCO: 171
94977898	ID:5	App: Epoch 93 finished Num NBR 3 Num new NBR 0
94980092	ID:5	NCO: 207
95290339	ID:4	App: Epoch 94 finished Num NBR 4 Num new NBR 0
95292461	ID:4	NCO: 183
95491924	ID:2	App: Epoch 94 finished Num NBR 3 Num new NBR 0
95494126	ID:2	NCO: 301
95625779	ID:3	App: Epoch 95 finished Num NBR 4 Num new NBR 0
95627826	ID:3	NCO: 99
95781471	ID:1	App: Epoch 94 finished Num NBR 4 Num new NBR 0
95783514	ID:1	NCO: 72
95977898	ID:5	App: Epoch 94 finished Num NBR 4 Num new NBR 0
95980094	ID:5	NCO: 156
96290340	ID:4	App: Epoch 95 finished Num NBR 4 Num new NBR 0
96292538	ID:4	NCO: 100
96491924	ID:2	App: Epoch 95 finished Num NBR 3 Num new NBR 0
96493971	ID:2	NCO: 98
96625779	ID:3	App: Epoch 96 finished Num NBR 4 Num new NBR 0
96627977	ID:3	NCO: 160
96781470	ID:1	App: Epoch 95 finished Num NBR 4 Num new NBR 0
96783137	ID:1	NCO: 97
96977898	ID:5	App: Epoch 95 finished Num NBR 4 Num new NBR 0
96980092	ID:5	NCO: 101
97290340	ID:4	App: Epoch 96 finished Num NBR 3 Num new NBR 0
97292387	ID:4	NCO: 77
97491924	ID:2	App: Epoch 96 finished Num NBR 3 Num new NBR 0
97494126	ID:2	NCO: 307
97625779	ID:3	App: Epoch 97 finished Num NBR 3 Num new NBR 0
97627980	ID:3	NCO: 153
97781471	ID:1	App: Epoch 96 finished Num NBR 4 Num new NBR 0
97783666	ID:1	NCO: 134
97977898	ID:5	App: Epoch 96 finished Num NBR 4 Num new NBR 0
97980023	ID:5	NCO: 250
98290340	ID:4	App: Epoch 97 finished Num NBR 3 Num new NBR 0
98292539	ID:4	NCO: 258
98491924	ID:2	App: Epoch 97 finished Num NBR 3 Num new NBR 0
98494126	ID:2	NCO: 304
98625779	ID:3	App: Epoch 98 finished Num NBR 4 Num new NBR 0
98627980	ID:3	NCO: 158
98781471	ID:1	App: Epoch 97 finished Num NBR 4 Num new NBR 0
98783666	ID:1	NCO: 135
98977898	ID:5	App: Epoch 97 finished Num NBR 4 Num new NBR 0
98980092	ID:5	NCO: 107
99290340	ID:4	App: Epoch 98 finished Num NBR 4 Num new NBR 0
99292385	ID:4	NCO: 83
99491924	ID:2	App: Epoch 98 finished Num NBR 3 Num new NBR 0
99494125	ID:2	NCO: 233
99625779	ID:3	App: Epoch 99 finished Num NBR 3 Num new NBR 0
99627978	ID:3	NCO: 127
99781471	ID:1	App: Epoch 98 finished Num NBR 4 Num new NBR 0
99783598	ID:1	NCO: 308
99977898	ID:5	App: Epoch 98 finished Num NBR 4 Num new NBR 0
99979786	ID:5	NCO: 8
100290340	ID:4	App: Epoch 99 finished Num NBR 3 Num new NBR 0
100293618	ID:4	NCO: 208
100491924	ID:2	App: Epoch 99 finished Num NBR 2 Num new NBR 0
100493970	ID:2	NCO: 46
100625932	ID:3	App: Epoch 100 finished Num NBR 4 Num new NBR 0
100628129	ID:3	NCO: 268
100781471	ID:1	App: Epoch 99 finished Num NBR 4 Num new NBR 0
100783512	ID:1	NCO: 29
100977898	ID:5	App: Epoch 99 finished Num NBR 3 Num new NBR 0
100980093	ID:5	NCO: 289
101290492	ID:4	App: Epoch 100 finished Num NBR 3 Num new NBR 0
101292689	ID:4	NCO: 201
101492077	ID:2	App: Epoch 100 finished Num NBR 3 Num new NBR 0
101494125	ID:2	NCO: 79
101625932	ID:3	App: Epoch 101 finished Num NBR 4 Num new NBR 0
101627975	ID:3	NCO: 85
101781623	ID:1	App: Epoch 100 finished Num NBR 4 Num new NBR 0
101783818	ID:1	NCO: 146
101978050	ID:5	App: Epoch 100 finished Num NBR 4 Num new NBR 0
101980175	ID:5	NCO: 134
102290492	ID:4	App: Epoch 101 finished Num NBR 3 Num new NBR 0
102292689	ID:4	NCO: 206
102492077	ID:2	App: Epoch 101 finished Num NBR 3 Num new NBR 0
102494277	ID:2	NCO: 284
102625932	ID:3	App: Epoch 102 finished Num NBR 3 Num new NBR 0
102628130	ID:3	NCO: 298
102781623	ID:1	App: Epoch 101 finished Num NBR 4 Num new NBR 0
102783665	ID:1	NCO: 99
102978050	ID:5	App: Epoch 101 finished Num NBR 4 Num new NBR 0
102980093	ID:5	NCO: 71
103290492	ID:4	App: Epoch 102 finished Num NBR 4 Num new NBR 0
103292692	ID:4	NCO: 303
103492077	ID:2	App: Epoch 102 finished Num NBR 4 Num new NBR 0
103494124	ID:2	NCO: 37
103625932	ID:3	App: Epoch 103 finished Num NBR 4 Num new NBR 0
103628129	ID:3	NCO: 283
103781623	ID:1	App: Epoch 102 finished Num NBR 4 Num new NBR 0
103783665	ID:1	NCO: 32
103978050	ID:5	App: Epoch 102 finished Num NBR 3 Num new NBR 0
103980247	ID:5	NCO: 308
104290492	ID:4	App: Epoch 103 finished Num NBR 3 Num new NBR 0
104292625	ID:4	NCO: 316
104492077	ID:2	App: Epoch 103 finished Num NBR 4 Num new NBR 0
104494277	ID:2	NCO: 250
104625932	ID:3	App: Epoch 104 finished Num NBR 4 Num new NBR 0
104628132	ID:3	NCO: 312
104781623	ID:1	App: Epoch 103 finished Num NBR 3 Num new NBR 0
104783818	ID:1	NCO: 217
104978050	ID:5	App: Epoch 103 finished Num NBR 3 Num new NBR 0
104980091	ID:5	NCO: 29
105290492	ID:4	App: Epoch 104 finished Num NBR 4 Num new NBR 0
105292690	ID:4	NCO: 197
105412227	ID:4	Energest: 5 16675 474845 1079 46130
105492077	ID:2	App: Epoch 104 finished Num NBR 3 Num new NBR 0
105494276	ID:2	NCO: 171
105596452	ID:3	Energest: 5 16538 474982 1129 46174
105625932	ID:3	App: Epoch 105 finished Num NBR 4 Num new NBR 0
105628129	ID:3	NCO: 145
105781623	ID:1	App: Epoch 104 finished Num NBR 4 Num new NBR 0
105783665	ID:1	NCO: 30
105978050	ID:5	App: Epoch 104 finished Num NBR 3 Num new NBR 0
105980091	ID:5	NCO: 18
106248599	ID:5	Energest: 5 19823 471697 1116 46183
106290492	ID:4	App: Epoch 105 finished Num NBR 4 Num new NBR 0
106292690	ID:4	NCO: 282
106316937	ID:2	Energest: 5 16533 474987 1133 46168
106458419	ID:1	Energest: 5 19865 471655 1093 46203
106492077	ID:2	App: Epoch 105 finished Num NBR 4 Num new NBR 0
106493970	ID:2	NCO: 8
106625932	ID:3	App: Epoch 106 finished Num NBR 4 Num new NBR 0
106628129	ID:3	NCO: 118
106781623	ID:1	App: Epoch 105 finished Num NBR 4 Num new NBR 0
106783443	ID:1	NCO: 191
106978050	ID:5	App: Epoch 105 finished Num NBR 4 Num new NBR 0
106980092	ID:5	NCO: 99
107290492	ID:4	App: Epoch 106 finished Num NBR 3 Num new NBR 0
107292690	ID:4	NCO: 267
107492077	ID:2	App: Epoch 106 finished Num NBR 4 Num new NBR 0
107494277	ID:2	NCO: 289
107625932	ID:3	App: Epoch 107 finished Num NBR 3 Num new NBR 0
107628132	ID:3	NCO: 311
107781623	ID:1	App: Epoch 106 finished Num NBR 4 Num new NBR 0
107783443	ID:1	NCO: 140
107978050	ID:5	App: Epoch 106 finished Num NBR 4 Num new NBR 0
107980092	ID:5	NCO: 96
108290492	ID:4	App: Epoch 107 finished Num NBR 4 Num new NBR 0
108292688	ID:4	NCO: 168
108492077	ID:2	App: Epoch 107 finished Num NBR 3 Num new NBR 0
108494207	ID:2	NCO: 134
108625932	ID:3	App: Epoch 108 finished Num NBR 2 Num new NBR 0
108628129	ID:3	NCO: 228
108781623	ID:1	App: Epoch 107 finished Num NBR 3 Num new NBR 0
108783594	ID:1	NCO: 21
108978050	ID:5	App: Epoch 107 finished Num NBR 2 Num new NBR 0
108980245	ID:5	NCO: 281
109290492	ID:4	App: Epoch 108 finished Num NBR 4 Num new NBR 0
109292689	ID:4	NCO: 129
109492077	ID:2	App: Epoch 108 finished Num NBR 4 Num new NBR 0
109494125	ID:2	NCO: 71
109625932	ID:3	App: Epoch 109 finished Num NBR 2 Num new NBR 0
109627977	ID:3	NCO: 77
109781623	ID:1	App: Epoch 108 finished Num NBR 3 Num new NBR 0
109783819	ID:1	NCO: 234
109978050	ID:5	App: Epoch 108 finished Num NBR 3 Num new NBR 0
109980245	ID:5	NCO: 286
110290492	ID:4	App: Epoch 109 finished Num NBR 3 Num new NBR 0
110292691	ID:4	NCO: 294
110492077	ID:2	App: Epoch 109 finished Num NBR 4 Num new NBR 0
110494276	ID:2	NCO: 180
110625933	ID:3	App: Epoch 110 finished Num NBR 4 Num new NBR 0
110628126	ID:3	NCO: 258
110781623	ID:1	App: Epoch 109 finished Num NBR 4 Num new NBR 0
110783818	ID:1	NCO: 283
110978050	ID:5	App: Epoch 109 finished Num NBR 4 Num new NBR 0
110980245	ID:5	NCO: 191
111290493	ID:4	App: Epoch 110 finished Num NBR 3 Num new NBR 0
111292615	ID:4	NCO: 103
111492078	ID:2	App: Epoch 110 finished Num NBR 3 Num new NBR 0
111494272	ID:2	NCO: 157
111625933	ID:3	App: Epoch 111 finished Num NBR 4 Num new NBR 0
111628126	ID:3	NCO: 147
111781624	ID:1	App: Epoch 110 finished Num NBR 4 Num new NBR 0
111783671	ID:1	NCO: 56
111978051	ID:5	App: Epoch 110 finished Num NBR 3 Num new NBR 0
111980250	ID:5	NCO: 204
112290493	ID:4	App: Epoch 111 finished Num NBR 4 Num new NBR 0
112292686	ID:4	NCO: 212
112492078	ID:2	App: Epoch 111 finished Num NBR 3 Num new NBR 0
112494117	ID:2	NCO: 82
112625933	ID:3	App: Epoch 112 finished Num NBR 4 Num new NBR 0
112628125	ID:3	NCO: 208
112781624	ID:1	App: Epoch 111 finished Num NBR 4 Num new NBR 0
112783600	ID:1	NCO: 17
112978051	ID:5	App: Epoch 111 finished Num NBR 3 Num new NBR 0
112980252	ID:5	NCO: 277
113290493	ID:4	App: Epoch 112 finished Num NBR 3 Num new NBR 0
113292689	ID:4	NCO: 317
113492078	ID:2	App: Epoch 112 finished Num NBR 4 Num new NBR 0
113494118	ID:2	NCO: 99
113625933	ID:3	App: Epoch 113 finished Num NBR 4 Num new NBR 0
113627819	ID:3	NCO: 9
113781624	ID:1	App: Epoch 112 finished Num NBR 4 Num new NBR 0
113783446	ID:1	NCO: 310
113978051	ID:5	App: Epoch 112 finished Num NBR 4 Num new NBR 0
113980250	ID:5	NCO: 106
114290493	ID:4	App: Epoch 113 finished Num NBR 2 Num new NBR 0
114292685	ID:4	NCO: 178
114492078	ID:2	App: Epoch 113 finished Num NBR 2 Num new NBR 0
114494269	ID:2	NCO: 160
114625933	ID:3	App: Epoch 114 finished Num NBR 3 Num new NBR 0
114628126	ID:3	NCO: 142
114781624	ID:1	App: Epoch 113 finished Num NBR 4 Num new NBR 0
114783757	ID:1	NCO: 311
114978051	ID:5	App: Epoch 113 finished Num NBR 4 Num new NBR 0
114980097	ID:5	NCO: 27
115290493	ID:4	App: Epoch 114 finished Num NBR 3 Num new NBR 0
115292463	ID:4	NCO: 67
115492078	ID:2	App: Epoch 114 finished Num NBR 2 Num new NBR 0
115494271	ID:2	NCO: 217
115625933	ID:3	App: Epoch 115 finished Num NBR 4 Num new NBR 0
115627971	ID:3	NCO: 47
115781624	ID:1	App: Epoch 114 finished Num NBR 4 Num new NBR 0
115783825	ID:1	NCO: 292
115978051	ID:5	App: Epoch 114 finished Num NBR 4 Num new NBR 0
115980250	ID:5	NCO: 248
116290493	ID:4	App: Epoch 115 finished Num NBR 4 Num new NBR 0
116292378	ID:4	NCO: 0
116492078	ID:2	App: Epoch 115 finished Num NBR 3 Num new NBR 0
116494118	ID:2	NCO: 30
116625933	ID:3	App: Epoch 116 finished Num NBR 4 Num new NBR 0
116628126	ID:3	NCO: 252
116781624	ID:1	App: Epoch 115 finished Num NBR 4 Num new NBR 0
116783672	ID:1	NCO: 77
116978051	ID:5	App: Epoch 115 finished Num NBR 4 Num new NBR 0
116980097	ID:5	NCO: 17
117290493	ID:4	App: Epoch 116 finished Num NBR 3 Num new NBR 0
117292533	ID:4	NCO: 57
117492078	ID:2	App: Epoch 116 finished Num NBR 3 Num new NBR 0
117494118	ID:2	NCO: 63
117625933	ID:3	App: Epoch 117 finished Num NBR 4 Num new NBR 0
117628126	ID:3	NCO: 197
117781624	ID:1	App: Epoch 116 finished Num NBR 4 Num new NBR 0
117783824	ID:1	NCO: 194
117978051	ID:5	App: Epoch 116 finished Num NBR 4 Num new NBR 0
117980250	ID:5	NCO: 246
118290493	ID:4	App: Epoch 117 finished Num NBR 3 Num new NBR 0
118292686	ID:4	NCO: 254
118492078	ID:2	App: Epoch 117 finished Num NBR 4 Num new NBR 0
118494271	ID:2	NCO: 140
118625933	ID:3	App: Epoch 118 finished Num NBR 4 Num new NBR 0
118628127	ID:3	NCO: 154
118781624	ID:1	App: Epoch 117 finished Num NBR 4 Num new NBR 0
118783600	ID:1	NCO: 19
118978051	ID:5	App: Epoch 117 finished Num NBR 3 Num new NBR 0
118980254	ID:5	NCO: 311
119290493	ID:4	App: Epoch 118 finished Num NBR 4 Num new NBR 0
119292533	ID:4	NCO: 31
119492078	ID:2	App: Epoch 118 finished Num NBR 3 Num new NBR 0
119494202	ID:2	NCO: 277
119625933	ID:3	App: Epoch 119 finished Num NBR 4 Num new NBR 0
119627973	ID:3	NCO: 75
119781624	ID:1	App: Epoch 118 finished Num NBR 4 Num new NBR 0
119783670	ID:1	NCO: 80
119978051	ID:5	App: Epoch 118 finished Num NBR 4 Num new NBR 0
119980249	ID:5	NCO: 164
120290493	ID:4	App: Epoch 119 finished Num NBR 4 Num new NBR 0
120292313	ID:4	NCO: 300
120412230	ID:4	Energest: 6 16493 475027 1103 46136
120492078	ID:2	App: Epoch 119 finished Num NBR 4 Num new NBR 0
120494270	ID:2	NCO: 170
120596452	ID:3	Energest: 6 16614 474906 1121 46119
120625932	ID:3	App: Epoch 120 finished Num NBR 4 Num new NBR 0
120627975	ID:3	NCO: 40
120781624	ID:1	App: Epoch 119 finished Num NBR 4 Num new NBR 0
120783824	ID:1	NCO: 265
120978051	ID:5	App: Epoch 119 finished Num NBR 4 Num new NBR 0
120980250	ID:5	NCO: 205
121248596	ID:5	Energest: 6 19655 471865 1134 46114
121290492	ID:4	App: Epoch 120 finished Num NBR 4 Num new NBR 0
121292309	ID:4	NCO: 181
121316938	ID:2	Energest: 6 16641 474879 1103 46138
121458417	ID:1	Energest: 6 19918 471602 1068 46169
121492077	ID:2	App: Epoch 120 finished Num NBR 3 Num new NBR 0
121494278	ID:2	NCO: 155
121625932	ID:3	App: Epoch 121 finished Num NBR 4 Num new NBR 0
121627976	ID:3	NCO: 65
121781623	ID:1	App: Epoch 120 finished Num NBR 4 Num new NBR 0
121783819	ID:1	NCO: 270
121978050	ID:5	App: Epoch 120 finished Num NBR 4 Num new NBR 0
121980092	ID:5	NCO: 66
122290492	ID:4	App: Epoch 121 finished Num NBR 4 Num new NBR 0
122293771	ID:4	NCO: 138
122492077	ID:2	App: Epoch 121 finished Num NBR 3 Num new NBR 0
122494124	ID:2	NCO: 56
122625932	ID:3	App: Epoch 122 finished Num NBR 4 Num new NBR 0
122628128	ID:3	NCO: 102
122781623	ID:1	App: Epoch 121 finished Num NBR 4 Num new NBR 0
122783751	ID:1	NCO: 303
122978050	ID:5	App: Epoch 121 finished Num NBR 4 Num new NBR 0
122980245	ID:5	NCO: 147
123290492	ID:4	App: Epoch 122 finished Num NBR 2 Num new NBR 0
123292689	ID:4	NCO: 123
123492077	ID:2	App: Epoch 122 finished Num NBR 3 Num new NBR 0
123495202	ID:2	NCO: 81
123625932	ID:3	App: Epoch 123 finished Num NBR 3 Num new NBR 0
123628128	ID:3	NCO: 103
123781623	ID:1	App: Epoch 122 finished Num NBR 3 Num new NBR 0
123783817	ID:1	NCO: 124
123978050	ID:5	App: Epoch 122 finished Num NBR 3 Num new NBR 0
123980245	ID:5	NCO: 144
124290492	ID:4	App: Epoch 123 finished Num NBR 3 Num new NBR 0
124293772	ID:4	NCO: 152
124492077	ID:2	App: Epoch 123 finished Num NBR 4 Num new NBR 0
124494124	ID:2	NCO: 54
124625932	ID:3	App: Epoch 124 finished Num NBR 4 Num new NBR 0
124628129	ID:3	NCO: 148
124781623	ID:1	App: Epoch 123 finished Num NBR 4 Num new NBR 0
124783512	ID:1	NCO: 5
124978050	ID:5	App: Epoch 123 finished Num NBR 3 Num new NBR 0
124980244	ID:5	NCO: 201
125290492	ID:4	App: Epoch 124 finished Num NBR 3 Num new NBR 0
125292689	ID:4	NCO: 177
125492077	ID:2	App: Epoch 124 finished Num NBR 3 Num new NBR 0
125494277	ID:2	NCO: 119
125625932	ID:3	App: Epoch 125 finished Num NBR 2 Num new NBR 0
125628132	ID:3	NCO: 317
125781623	ID:1	App: Epoch 124 finished Num NBR 2 Num new NBR 0
125783665	ID:1	NCO: 90
125978050	ID:5	App: Epoch 124 finished Num NBR 3 Num new NBR 0
125980244	ID:5	NCO: 206
126290492	ID:4	App: Epoch 125 finished Num NBR 2 Num new NBR 0
126292310	ID:4	NCO: 214
126492077	ID:2	App: Epoch 125 finished Num NBR 2 Num new NBR 0
126495355	ID:2	NCO: 100
126625932	ID:3	App: Epoch 126 finished Num NBR 4 Num new NBR 0
126628129	ID:3	NCO: 114
126781623	ID:1	App: Epoch 125 finished Num NBR 4 Num new NBR 0
126783818	ID:1	NCO: 267
126978050	ID:5	App: Epoch 125 finished Num NBR 4 Num new NBR 0
126980091	ID:5	NCO: 47
127290492	ID:4	App: Epoch 126 finished Num NBR 4 Num new NBR 0
127292623	ID:4	NCO: 151
127492077	ID:2	App: Epoch 126 finished Num NBR 3 Num new NBR 0
127494125	ID:2	NCO: 77
127625932	ID:3	App: Epoch 127 finished Num NBR 3 Num new NBR 0
127628129	ID:3	NCO: 259
127781623	ID:1	App: Epoch 126 finished Num NBR 3 Num new NBR 0
127783664	ID:1	NCO: 40
127978050	ID:5	App: Epoch 126 finished Num NBR 2 Num new NBR 0
127980244	ID:5	NCO: 188
128290492	ID:4	App: Epoch 127 finished Num NBR 3 Num new NBR 0
128292383	ID:4	NCO: 4
128492077	ID:2	App: Epoch 127 finished Num NBR 3 Num new NBR 0
128494277	ID:2	NCO: 194
128625932	ID:3	App: Epoch 128 finished Num NBR 4 Num new NBR 0
128628128	ID:3	NCO: 128
128781623	ID:1	App: Epoch 127 finished Num NBR 4 Num new NBR 0
128783817	ID:1	NCO: 129
128978050	ID:5	App: Epoch 127 finished Num NBR 4 Num new NBR 0
128980092	ID:5	NCO: 69
129290492	ID:4	App: Epoch 128 finished Num NBR 4 Num new NBR 0
129292692	ID:4	NCO: 301
129492077	ID:2	App: Epoch 128 finished Num NBR 4 Num new NBR 0
129494277	ID:2	NCO: 211
129625932	ID:3	App: Epoch 129 finished Num NBR 4 Num new NBR 0
129628128	ID:3	NCO: 185
129781623	ID:1	App: Epoch 128 finished Num NBR 4 Num new NBR 0
129783819	ID:1	NCO: 294
129978050	ID:5	App: Epoch 128 finished Num NBR 4 Num new NBR 0
129980245	ID:5	NCO: 218
130290492	ID:4	App: Epoch 129 finished Num NBR 3 Num new NBR 0
130292688	ID:4	NCO: 162
130492077	ID:2	App: Epoch 129 finished Num NBR 3 Num new NBR 0
130494278	ID:2	NCO: 272
130625933	ID:3	App: Epoch 130 finished Num NBR 4 Num new NBR 0
130627972	ID:3	NCO: 62
130781623	ID:1	App: Epoch 129 finished Num NBR 4 Num new NBR 0
130783819	ID:1	NCO: 295
130978050	ID:5	App: Epoch 129 finished Num NBR 4 Num new NBR 0
130980245	ID:5	NCO: 139
131290493	ID:4	App: Epoch 130 finished Num NBR 3 Num new NBR 0
131292533	ID:4	NCO: 51
131492078	ID:2	App: Epoch 130 finished Num NBR 3 Num new NBR 0
131494271	ID:2	NCO: 137
131625933	ID:3	App: Epoch 131 finished Num NBR 4 Num new NBR 0
131628126	ID:3	NCO: 223
131781624	ID:1	App: Epoch 130 finished Num NBR 4 Num new NBR 0
131783824	ID:1	NCO: 212
131978051	ID:5	App: Epoch 130 finished Num NBR 4 Num new NBR 0
131980252	ID:5	NCO: 296
132290493	ID:4	App: Epoch 131 finished Num NBR 4 Num new NBR 0
132292686	ID:4	NCO: 112
132492078	ID:2	App: Epoch 131 finished Num NBR 3 Num new NBR 0
132494049	ID:2	NCO: 78
132625933	ID:3	App: Epoch 132 finished Num NBR 3 Num new NBR 0
132628128	ID:3	NCO: 300
132781624	ID:1	App: Epoch 131 finished Num NBR 3 Num new NBR 0
132783823	ID:1	NCO: 189
132978051	ID:5	App: Epoch 131 finished Num NBR 3 Num new NBR 0
132980181	ID:5	NCO: 257
133290493	ID:4	App: Epoch 132 finished Num NBR 3 Num new NBR 0
133292687	ID:4	NCO: 233
133492078	ID:2	App: Epoch 132 finished Num NBR 4 Num new NBR 0
133494117	ID:2	NCO: 47
133625933	ID:3	App: Epoch 133 finished Num NBR 4 Num new NBR 0
133628125	ID:3	NCO: 245
133781624	ID:1	App: Epoch 132 finished Num NBR 4 Num new NBR 0
133782922	ID:1	NCO: 50
133978051	ID:5	App: Epoch 132 finished Num NBR 3 Num new NBR 0
133980252	ID:5	NCO: 230
134290493	ID:4	App: Epoch 133 finished Num NBR 3 Num new NBR 0
134292688	ID:4	NCO: 302
134492078	ID:2	App: Epoch 133 finished Num NBR 4 Num new NBR 0
134494270	ID:2	NCO: 124
134625933	ID:3	App: Epoch 134 finished Num NBR 4 Num new NBR 0
134628125	ID:3	NCO: 202
134781624	ID:1	App: Epoch 133 finished Num NBR 4 Num new NBR 0
134783601	ID:1	NCO: 67
134978051	ID:5	App: Epoch 133 finished Num NBR 4 Num new NBR 0
134980250	ID:5	NCO: 103
135290493	ID:4	App: Epoch 134 finished Num NBR 3 Num new NBR 0
135292532	ID:4	NCO: 15
135412233	ID:4	Energest: 7 16490 475030 1046 46068
135492078	ID:2	App: Epoch 134 finished Num NBR 3 Num new NBR 0
135495355	ID:2	NCO: 133
135596452	ID:3	Energest: 7 16667 474853 1133 46110
135625933	ID:3	App: Epoch 135 finished Num NBR 4 Num new NBR 0
135628125	ID:3	NCO: 123
135781624	ID:1	App: Epoch 134 finished Num NBR 4 Num new NBR 0
135783516	ID:1	NCO: 0
135978051	ID:5	App: Epoch 134 finished Num NBR 3 Num new NBR 0
135980097	ID:5	NCO: 84
136248590	ID:5	Energest: 7 19518 472002 1123 46117
136290493	ID:4	App: Epoch 135 finished Num NBR 4 Num new NBR 0
136292617	ID:4	NCO: 156
136316940	ID:2	Energest: 7 16924 474596 1044 46030
136458422	ID:1	Energest: 7 19568 471952 1100 46161
136492078	ID:2	App: Epoch 135 finished Num NBR 3 Num new NBR 0
136494048	ID:2	NCO: 90
136625933	ID:3	App: Epoch 136 finished Num NBR 3 Num new NBR 0
136627971	ID:3	NCO: 88
136781624	ID:1	App: Epoch 135 finished Num NBR 3 Num new NBR 0
136783671	ID:1	NCO: 57
136978051	ID:5	App: Epoch 135 finished Num NBR 2 Num new NBR 0
136980180	ID:5	NCO: 189
137290493	ID:4	App: Epoch 136 finished Num NBR 4 Num new NBR 0
137292684	ID:4	NCO: 165
137492078	ID:2	App: Epoch 136 finished Num NBR 3 Num new NBR 0
137493744	ID:2	NCO: 11
137625933	ID:3	App: Epoch 137 finished Num NBR 4 Num new NBR 0
137628125	ID:3	NCO: 177
137781624	ID:1	App: Epoch 136 finished Num NBR 4 Num new NBR 0
137783827	ID:1	NCO: 318
137978051	ID:5	App: Epoch 136 finished Num NBR 4 Num new NBR 0
137980250	ID:5	NCO: 242
138290493	ID:4	App: Epoch 137 finished Num NBR 2 Num new NBR 0
138292686	ID:4	NCO: 250
138492078	ID:2	App: Epoch 137 finished Num NBR 4 Num new NBR 0
138494270	ID:2	NCO: 104
138625933	ID:3	App: Epoch 138 finished Num NBR 4 Num new NBR 0
138628127	ID:3	NCO: 278
138781624	ID:1	App: Epoch 137 finished Num NBR 4 Num new NBR 0
138783671	ID:1	NCO: 31
138978051	ID:5	App: Epoch 137 finished Num NBR 3 Num new NBR 0
138980181	ID:5	NCO: 259
139290493	ID:4	App: Epoch 138 finished Num NBR 3 Num new NBR 0
139292685	ID:4	NCO: 171
139492078	ID:2	App: Epoch 138 finished Num NBR 3 Num new NBR 0
139494200	ID:2	NCO: 129
139625933	ID:3	App: Epoch 139 finished Num NBR 3 Num new NBR 0
139628127	ID:3	NCO: 279
139781624	ID:1	App: Epoch 138 finished Num NBR 3 Num new NBR 0
139783825	ID:1	NCO: 236
139978051	ID:5	App: Epoch 138 finished Num NBR 3 Num new NBR 0
139980098	ID:5	NCO: 64
140290493	ID:4	App: Epoch 139 finished Num NBR 3 Num new NBR 0
140292685	ID:4	NCO: 200
140492078	ID:2	App: Epoch 139 finished Num NBR 4 Num new NBR 0
140494270	ID:2	NCO: 102
140625933	ID:3	App: Epoch 140 finished Num NBR 4 Num new NBR 0
140627819	ID:3	NCO: 4
140781624	ID:1	App: Epoch 139 finished Num NBR 4 Num new NBR 0
140783823	ID:1	NCO: 245
140978051	ID:5	App: Epoch 139 finished Num NBR 4 Num new NBR 0
140980098	ID:5	NCO: 57
141290493	ID:4	App: Epoch 140 finished Num NBR 2 Num new NBR 0
141292533	ID:4	NCO: 97
141492078	ID:2	App: Epoch 140 finished Num NBR 3 Num new NBR 0
141494272	ID:2	NCO: 295
141625933	ID:3	App: Epoch 141 finished Num NBR 4 Num new NBR 0
141627971	ID:3	NCO: 45
141781624	ID:1	App: Epoch 140 finished Num NBR 4 Num new NBR 0
141783823	ID:1	NCO: 202
141978051	ID:5	App: Epoch 140 finished Num NBR 4 Num new NBR 0
141980251	ID:5	NCO: 190
142290493	ID:4	App: Epoch 141 finished Num NBR 4 Num new NBR 0
142292379	ID:4	NCO: 6
142492078	ID:2	App: Epoch 141 finished Num NBR 3 Num new NBR 0
142494047	ID:2	NCO: 84
142625933	ID:3	App: Epoch 142 finished Num NBR 4 Num new NBR 0
142627972	ID:3	NCO: 34
142781624	ID:1	App: Epoch 141 finished Num NBR 4 Num new NBR 0
142784902	ID:1	NCO: 123
142978051	ID:5	App: Epoch 141 finished Num NBR 4 Num new NBR 0
142980251	ID:5	NCO: 223
143290493	ID:4	App: Epoch 142 finished Num NBR 2 Num new NBR 0
143292379	ID:4	NCO: 7
143492078	ID:2	App: Epoch 142 finished Num NBR 3 Num new NBR 0
143494270	ID:2	NCO: 125
143625933	ID:3	App: Epoch 143 finished Num NBR 4 Num new NBR 0
143628126	ID:3	NCO: 115
143781624	ID:1	App: Epoch 142 finished Num NBR 4 Num new NBR 0
143783824	ID:1	NCO: 216
143978051	ID:5	App: Epoch 142 finished Num NBR 4 Num new NBR 0
143980252	ID:5	NCO: 236
144290493	ID:4	App: Epoch 143 finished Num NBR 4 Num new NBR 0
144292686	ID:4	NCO: 116
144492078	ID:2	App: Epoch 143 finished Num NBR 3 Num new NBR 0
144495355	ID:2	NCO: 114
144625933	ID:3	App: Epoch 144 finished Num NBR 4 Num new NBR 0
144628125	ID:3	NCO: 240
144781624	ID:1	App: Epoch 143 finished Num NBR 4 Num new NBR 0
144783824	ID:1	NCO: 113
144978051	ID:5	App: Epoch 143 finished Num NBR 4 Num new NBR 0
144980251	ID:5	NCO: 117
145290493	ID:4	App: Epoch 144 finished Num NBR 3 Num new NBR 0
145292687	ID:4	NCO: 157
145492078	ID:2	App: Epoch 144 finished Num NBR 3 Num new NBR 0
145494118	ID:2	NCO: 67
145625933	ID:3	App: Epoch 145 finished Num NBR 3 Num new NBR 0
145628125	ID:3	NCO: 105
145781624	ID:1	App: Epoch 144 finished Num NBR 4 Num new NBR 0
145783824	ID:1	NCO: 214
145978051	ID:5	App: Epoch 144 finished Num NBR 4 Num new NBR 0
145980097	ID:5	NCO: 10
146290493	ID:4	App: Epoch 145 finished Num NBR 3 Num new NBR 0
146292687	ID:4	NCO: 274
146492078	ID:2	App: Epoch 145 finished Num NBR 4 Num new NBR 0
146494271	ID:2	NCO: 256
146625933	ID:3	App: Epoch 146 finished Num NBR 4 Num new NBR 0
146628126	ID:3	NCO: 110
146781624	ID:1	App: Epoch 145 finished Num NBR 4 Num new NBR 0
146783670	ID:1	NCO: 87
146978051	ID:5	App: Epoch 145 finished Num NBR 4 Num new NBR 0
146980250	ID:5	NCO: 123
147290493	ID:4	App: Epoch 146 finished Num NBR 4 Num new NBR 0
147292533	ID:4	NCO: 35
147492078	ID:2	App: Epoch 146 finished Num NBR 3 Num new NBR 0
147494200	ID:2	NCO: 121
147625933	ID:3	App: Epoch 147 finished Num NBR 3 Num new NBR 0
147627973	ID:3	NCO: 79
147781624	ID:1	App: Epoch 146 finished Num NBR 4 Num new NBR 0
147783824	ID:1	NCO: 132
147978051	ID:5	App: Epoch 146 finished Num NBR 4 Num new NBR 0
147980097	ID:5	NCO: 24
148290493	ID:4	App: Epoch 147 finished Num NBR 3 Num new NBR 0
148292533	ID:4	NCO: 32
148492078	ID:2	App: Epoch 147 finished Num NBR 4 Num new NBR 0
148495354	ID:2	NCO: 126
148625933	ID:3	App: Epoch 148 finished Num NBR 4 Num new NBR 0
148628126	ID:3	NCO: 220
148781624	ID:1	App: Epoch 147 finished Num NBR 4 Num new NBR 0
148783823	ID:1	NCO: 109
148978051	ID:5	App: Epoch 147 finished Num NBR 4 Num new NBR 0
148980097	ID:5	NCO: 49
149290493	ID:4	App: Epoch 148 finished Num NBR 3 Num new NBR 0
149292687	ID:4	NCO: 153
149492078	ID:2	App: Epoch 148 finished Num NBR 4 Num new NBR 0
149494271	ID:2	NCO: 287
149625933	ID:3	App: Epoch 149 finished Num NBR 4 Num new NBR 0
149628126	ID:3	NCO: 229
149781624	ID:1	App: Epoch 148 finished Num NBR 4 Num new NBR 0
149783671	ID:1	NCO: 34
149978051	ID:5	App: Epoch 148 finished Num NBR 3 Num new NBR 0
149980097	ID:5	NCO: 86
150290493	ID:4	App: Epoch 149 finished Num NBR 4 Num new NBR 0
150292533	ID:4	NCO: 94
150412227	ID:4	Energest: 8 16625 474895 1091 46135
150492078	ID:2	App: Epoch 149 finished Num NBR 3 Num new NBR 0
150494273	ID:2	NCO: 300
150596452	ID:3	Energest: 8 16615 474905 1133 46124
150625934	ID:3	App: Epoch 150 finished Num NBR 4 Num new NBR 0
150628131	ID:3	NCO: 250
150781624	ID:1	App: Epoch 149 finished Num NBR 4 Num new NBR 0
150783671	ID:1	NCO: 51
150978051	ID:5	App: Epoch 149 finished Num NBR 3 Num new NBR 0
150980097	ID:5	NCO: 23
151248602	ID:5	Energest: 8 19534 471986 1114 46134
151290494	ID:4	App: Epoch 150 finished Num NBR 4 Num new NBR 0
151292692	ID:4	NCO: 255
151316938	ID:2	Energest: 8 16857 474663 1049 46063
151458417	ID:1	Energest: 8 19763 471757 1100 46083
151492079	ID:2	App: Epoch 150 finished Num NBR 4 Num new NBR 0
151494276	ID:2	NCO: 245
151625934	ID:3	App: Epoch 151 finished Num NBR 4 Num new NBR 0
151627977	ID:3	NCO: 43
151781625	ID:1	App: Epoch 150 finished Num NBR 4 Num new NBR 0
151783817	ID:1	NCO: 240
151978052	ID:5	App: Epoch 150 finished Num NBR 4 Num new NBR 0
151980175	ID:5	NCO: 260
152290494	ID:4	App: Epoch 151 finished Num NBR 4 Num new NBR 0
152292692	ID:4	NCO: 140
152492079	ID:2	App: Epoch 151 finished Num NBR 3 Num new NBR 0
152494277	ID:2	NCO: 266
152625934	ID:3	App: Epoch 152 finished Num NBR 4 Num new NBR 0
152628131	ID:3	NCO: 264
152781625	ID:1	App: Epoch 151 finished Num NBR 4 Num new NBR 0
152783816	ID:1	NCO: 169
152978052	ID:5	App: Epoch 151 finished Num NBR 4 Num new NBR 0
152980246	ID:5	NCO: 237
153290494	ID:4	App: Epoch 152 finished Num NBR 4 Num new NBR 0
153292537	ID:4	NCO: 21
153492079	ID:2	App: Epoch 152 finished Num NBR 3 Num new NBR 0
153494276	ID:2	NCO: 123
153625934	ID:3	App: Epoch 153 finished Num NBR 4 Num new NBR 0
153627978	ID:3	NCO: 97
153781625	ID:1	App: Epoch 152 finished Num NBR 4 Num new NBR 0
153783664	ID:1	NCO: 46
153978052	ID:5	App: Epoch 152 finished Num NBR 3 Num new NBR 0
153980243	ID:5	NCO: 162
154290494	ID:4	App: Epoch 153 finished Num NBR 2 Num new NBR 0
154292693	ID:4	NCO: 298
154492079	ID:2	App: Epoch 153 finished Num NBR 3 Num new NBR 0
154494277	ID:2	NCO: 280
154625934	ID:3	App: Epoch 154 finished Num NBR 4 Num new NBR 0
154627825	ID:3	NCO: 6
154781625	ID:1	App: Epoch 153 finished Num NBR 4 Num new NBR 0
154783666	ID:1	NCO: 79
154978052	ID:5	App: Epoch 153 finished Num NBR 4 Num new NBR 0
154980245	ID:5	NCO: 115
155290494	ID:4	App: Epoch 154 finished Num NBR 4 Num new NBR 0
155292538	ID:4	NCO: 91
155492079	ID:2	App: Epoch 154 finished Num NBR 3 Num new NBR 0
155494279	ID:2	NCO: 305
155625934	ID:3	App: Epoch 155 finished Num NBR 3 Num new NBR 0
155627825	ID:3	NCO: 7
155781625	ID:1	App: Epoch 154 finished Num NBR 4 Num new NBR 0
155783818	ID:1	NCO: 220
155978052	ID:5	App: Epoch 154 finished Num NBR 4 Num new NBR 0
155980244	ID:5	NCO: 176
156290494	ID:4	App: Epoch 155 finished Num NBR 4 Num new NBR 0
156292695	ID:4	NCO: 312
156492079	ID:2	App: Epoch 155 finished Num NBR 4 Num new NBR 0
156494122	ID:2	NCO: 22
156625934	ID:3	App: Epoch 156 finished Num NBR 4 Num new NBR 0
156628130	ID:3	NCO: 244
156781625	ID:1	App: Epoch 155 finished Num NBR 4 Num new NBR 0
156783665	ID:1	NCO: 37
156978052	ID:5	App: Epoch 155 finished Num NBR 3 Num new NBR 0
156980246	ID:5	NCO: 297
157290494	ID:4	App: Epoch 156 finished Num NBR 3 Num new NBR 0
157292691	ID:4	NCO: 209
157492079	ID:2	App: Epoch 156 finished Num NBR 3 Num new NBR 0
157494278	ID:2	NCO: 279
157625934	ID:3	App: Epoch 157 finished Num NBR 4 Num new NBR 0
157628132	ID:3	NCO: 157
157781625	ID:1	App: Epoch 156 finished Num NBR 4 Num new NBR 0
157783818	ID:1	NCO: 250
157978052	ID:5	App: Epoch 156 finished Num NBR 4 Num new NBR 0
157980244	ID:5	NCO: 174
158290494	ID:4	App: Epoch 157 finished Num NBR 4 Num new NBR 0
158292695	ID:4	NCO: 310
158492079	ID:2	App: Epoch 157 finished Num NBR 4 Num new NBR 0
158494123	ID:2	NCO: 68
158625934	ID:3	App: Epoch 158 finished Num NBR 4 Num new NBR 0
158628131	ID:3	NCO: 146
158781625	ID:1	App: Epoch 157 finished Num NBR 4 Num new NBR 0
158783819	ID:1	NCO: 235
158978052	ID:5	App: Epoch 157 finished Num NBR 4 Num new NBR 0
158980093	ID:5	NCO: 79
159290494	ID:4	App: Epoch 158 finished Num NBR 3 Num new NBR 0
159292618	ID:4	NCO: 311
159492079	ID:2	App: Epoch 158 finished Num NBR 4 Num new NBR 0
159494278	ID:2	NCO: 237
159625934	ID:3	App: Epoch 159 finished Num NBR 3 Num new NBR 0
159627978	ID:3	NCO: 35
159781625	ID:1	App: Epoch 158 finished Num NBR 3 Num new NBR 0
159783666	ID:1	NCO: 72
159978052	ID:5	App: Epoch 158 finished Num NBR 3 Num new NBR 0
159980246	ID:5	NCO: 156
160290494	ID:4	App: Epoch 159 finished Num NBR 4 Num new NBR 0
160292690	ID:4	NCO: 164
160492079	ID:2	App: Epoch 159 finished Num NBR 3 Num new NBR 0
160494274	ID:2	NCO: 162
160625931	ID:3	App: Epoch 160 finished Num NBR 4 Num new NBR 0
160627973	ID:3	NCO: 32
160781625	ID:1	App: Epoch 159 finished Num NBR 4 Num new NBR 0
160783818	ID:1	NCO: 289
160978052	ID:5	App: Epoch 159 finished Num NBR 4 Num new NBR 0
160980092	ID:5	NCO: 37
161290491	ID:4	App: Epoch 160 finished Num NBR 3 Num new NBR 0
161292462	ID:4	NCO: 13
161492076	ID:2	App: Epoch 160 finished Num NBR 3 Num new NBR 0
161494273	ID:2	NCO: 307
161625931	ID:3	App: Epoch 161 finished Num NBR 4 Num new NBR 0
161627972	ID:3	NCO: 25
161781622	ID:1	App: Epoch 160 finished Num NBR 4 Num new NBR 0
161783509	ID:1	NCO: 6
161978049	ID:5	App: Epoch 160 finished Num NBR 3 Num new NBR 0
161980091	ID:5	NCO: 58
162290491	ID:4	App: Epoch 161 finished Num NBR 4 Num new NBR 0
162292616	ID:4	NCO: 194
162492076	ID:2	App: Epoch 161 finished Num NBR 3 Num new NBR 0
162494270	ID:2	NCO: 176
162625931	ID:3	App: Epoch 162 finished Num NBR 4 Num new NBR 0
162627973	ID:3	NCO: 94
162781622	ID:1	App: Epoch 161 finished Num NBR 4 Num new NBR 0
162783509	ID:1	NCO: 7
162978049	ID:5	App: Epoch 161 finished Num NBR 3 Num new NBR 0
162980090	ID:5	NCO: 43
163290491	ID:4	App: Epoch 162 finished Num NBR 4 Num new NBR 0
163292686	ID:4	NCO: 147
163492076	ID:2	App: Epoch 162 finished Num NBR 3 Num new NBR 0
163494200	ID:2	NCO: 105
163625931	ID:3	App: Epoch 163 finished Num NBR 3 Num new NBR 0
163628126	ID:3	NCO: 191
163781622	ID:1	App: Epoch 162 finished Num NBR 3 Num new NBR 0
163783662	ID:1	NCO: 52
163978049	ID:5	App: Epoch 162 finished Num NBR 2 Num new NBR 0
163980243	ID:5	NCO: 200
164290491	ID:4	App: Epoch 163 finished Num NBR 3 Num new NBR 0
164292687	ID:4	NCO: 272
164492076	ID:2	App: Epoch 163 finished Num NBR 4 Num new NBR 0
164494270	ID:2	NCO: 174
164625931	ID:3	App: Epoch 164 finished Num NBR 4 Num new NBR 0
164627972	ID:3	NCO: 12
164781622	ID:1	App: Epoch 163 finished Num NBR 4 Num new NBR 0
164783816	ID:1	NCO: 157
164978049	ID:5	App: Epoch 163 finished Num NBR 4 Num new NBR 0
164980174	ID:5	NCO: 289
165290491	ID:4	App: Epoch 164 finished Num NBR 3 Num new NBR 0
165292464	ID:4	NCO: 73
165412224	ID:4	Energest: 9 16995 474525 1056 46127
165492076	ID:2	App: Epoch 164 finished Num NBR 2 Num new NBR 0
165494270	ID:2	NCO: 207
165596452	ID:3	Energest: 9 16627 474893 1137 46148
165625931	ID:3	App: Epoch 165 finished Num NBR 4 Num new NBR 0
165627972	ID:3	NCO: 85
165781622	ID:1	App: Epoch 164 finished Num NBR 4 Num new NBR 0
165783815	ID:1	NCO: 146
165978049	ID:5	App: Epoch 164 finished Num NBR 4 Num new NBR 0
165980174	ID:5	NCO: 134
166248596	ID:5	Energest: 9 19607 471913 1094 46121
166290491	ID:4	App: Epoch 165 finished Num NBR 4 Num new NBR 0
166292685	ID:4	NCO: 206
166316941	ID:2	Energest: 9 16508 475012 1112 46109
166458413	ID:1	Energest: 9 19487 472033 1130 46138
166492076	ID:2	App: Epoch 165 finished Num NBR 3 Num new NBR 0
166494271	ID:2	NCO: 284
166625931	ID:3	App: Epoch 166 finished Num NBR 3 Num new NBR 0
166628127	ID:3	NCO: 234
166781622	ID:1	App: Epoch 165 finished Num NBR 4 Num new NBR 0
166783813	ID:1	NCO: 163
166978049	ID:5	App: Epoch 165 finished Num NBR 4 Num new NBR 0
166979938	ID:5	NCO: 7
167290491	ID:4	App: Epoch 166 finished Num NBR 4 Num new NBR 0
167292687	ID:4	NCO: 239
167492076	ID:2	App: Epoch 166 finished Num NBR 4 Num new NBR 0
167494272	ID:2	NCO: 293
167625931	ID:3	App: Epoch 167 finished Num NBR 4 Num new NBR 0
167628127	ID:3	NCO: 155
167781622	ID:1	App: Epoch 166 finished Num NBR 4 Num new NBR 0
167783662	ID:1	NCO: 32
167978049	ID:5	App: Epoch 166 finished Num NBR 3 Num new NBR 0
167980243	ID:5	NCO: 180
168290491	ID:4	App: Epoch 167 finished Num NBR 4 Num new NBR 0
168293768	ID:4	NCO: 252
168492076	ID:2	App: Epoch 167 finished Num NBR 4 Num new NBR 0
168494118	ID:2	NCO: 58
168625931	ID:3	App: Epoch 168 finished Num NBR 4 Num new NBR 0
168628125	ID:3	NCO: 184
168781622	ID:1	App: Epoch 167 finished Num NBR 4 Num new NBR 0
168783815	ID:1	NCO: 281
168978049	ID:5	App: Epoch 167 finished Num NBR 4 Num new NBR 0
168980090	ID:5	NCO: 29
169290491	ID:4	App: Epoch 168 finished Num NBR 2 Num new NBR 0
169292616	ID:4	NCO: 197
169492076	ID:2	App: Epoch 168 finished Num NBR 3 Num new NBR 0
169494270	ID:2	NCO: 107
169625931	ID:3	App: Epoch 169 finished Num NBR 4 Num new NBR 0
169628125	ID:3	NCO: 209
169781622	ID:1	App: Epoch 168 finished Num NBR 4 Num new NBR 0
169783662	ID:1	NCO: 94
169978049	ID:5	App: Epoch 168 finished Num NBR 4 Num new NBR 0
169980244	ID:5	NCO: 210
170290491	ID:4	App: Epoch 169 finished Num NBR 4 Num new NBR 0
170292686	ID:4	NCO: 282
170492076	ID:2	App: Epoch 169 finished Num NBR 3 Num new NBR 0
170494270	ID:2	NCO: 200
170625932	ID:3	App: Epoch 170 finished Num NBR 4 Num new NBR 0
170628132	ID:3	NCO: 310
170781622	ID:1	App: Epoch 169 finished Num NBR 4 Num new NBR 0
170783814	ID:1	NCO: 127
170978049	ID:5	App: Epoch 169 finished Num NBR 4 Num new NBR 0
170980091	ID:5	NCO: 35
171290492	ID:4	App: Epoch 170 finished Num NBR 4 Num new NBR 0
171292690	ID:4	NCO: 267
171492077	ID:2	App: Epoch 170 finished Num NBR 4 Num new NBR 0
171494277	ID:2	NCO: 289
171625932	ID:3	App: Epoch 171 finished Num NBR 4 Num new NBR 0
171628128	ID:3	NCO: 183
171781623	ID:1	App: Epoch 170 finished Num NBR 4 Num new NBR 0
171783664	ID:1	NCO: 12
171978050	ID:5	App: Epoch 170 finished Num NBR 3 Num new NBR 0
171980245	ID:5	NCO: 288
172290492	ID:4	App: Epoch 171 finished Num NBR 4 Num new NBR 0
172292688	ID:4	NCO: 168
172492077	ID:2	App: Epoch 171 finished Num NBR 3 Num new NBR 0
172494277	ID:2	NCO: 198
172625932	ID:3	App: Epoch 172 finished Num NBR 4 Num new NBR 0
172628128	ID:3	NCO: 100
172781623	ID:1	App: Epoch 171 finished Num NBR 4 Num new NBR 0
172783818	ID:1	NCO: 149
172978050	ID:5	App: Epoch 171 finished Num NBR 4 Num new NBR 0
172980245	ID:5	NCO: 217
173290492	ID:4	App: Epoch 172 finished Num NBR 4 Num new NBR 0
173292622	ID:4	NCO: 193
173492077	ID:2	App: Epoch 172 finished Num NBR 3 Num new NBR 0
173494125	ID:2	NCO: 71
173625932	ID:3	App: Epoch 173 finished Num NBR 4 Num new NBR 0
173627977	ID:3	NCO: 77
173781623	ID:1	App: Epoch 172 finished Num NBR 4 Num new NBR 0
173784901	ID:1	NCO: 298
173978050	ID:5	App: Epoch 172 finished Num NBR 4 Num new NBR 0
173980245	ID:5	NCO: 222
174290492	ID:4	App: Epoch 173 finished Num NBR 4 Num new NBR 0
174293769	ID:4	NCO: 166
174492077	ID:2	App: Epoch 173 finished Num NBR 2 Num new NBR 0
174494124	ID:2	NCO: 52
174625932	ID:3	App: Epoch 174 finished Num NBR 4 Num new NBR 0
174628129	ID:3	NCO: 258
174781623	ID:1	App: Epoch 173 finished Num NBR 4 Num new NBR 0
174783818	ID:1	NCO: 283
174978050	ID:5	App: Epoch 173 finished Num NBR 4 Num new NBR 0
174980175	ID:5	NCO: 255
175290492	ID:4	App: Epoch 174 finished Num NBR 2 Num new NBR 0
175292621	ID:4	NCO: 103
175492077	ID:2	App: Epoch 174 finished Num NBR 3 Num new NBR 0
175494278	ID:2	NCO: 157
175625932	ID:3	App: Epoch 175 finished Num NBR 4 Num new NBR 0
175628130	ID:3	NCO: 275
175781623	ID:1	App: Epoch 174 finished Num NBR 4 Num new NBR 0
175783752	ID:1	NCO: 312
175978050	ID:5	App: Epoch 174 finished Num NBR 4 Num new NBR 0
175980245	ID:5	NCO: 268
176290492	ID:4	App: Epoch 175 finished Num NBR 4 Num new NBR 0
176292311	ID:4	NCO: 276
176492077	ID:2	App: Epoch 175 finished Num NBR 3 Num new NBR 0
176494278	ID:2	NCO: 274
176625932	ID:3	App: Epoch 176 finished Num NBR 4 Num new NBR 0
176627975	ID:3	NCO: 16
176781623	ID:1	App: Epoch 175 finished Num NBR 4 Num new NBR 0
176783819	ID:1	NCO: 273
176978050	ID:5	App: Epoch 175 finished Num NBR 4 Num new NBR 0
176980246	ID:5	NCO: 277
177290492	ID:4	App: Epoch 176 finished Num NBR 4 Num new NBR 0
177292625	ID:4	NCO: 317
177492077	ID:2	App: Epoch 176 finished Num NBR 4 Num new NBR 0
177494278	ID:2	NCO: 291
177625932	ID:3	App: Epoch 177 finished Num NBR 4 Num new NBR 0
177628129	ID:3	NCO: 265
177781623	ID:1	App: Epoch 176 finished Num NBR 4 Num new NBR 0
177783752	ID:1	NCO: 310
177978050	ID:5	App: Epoch 176 finished Num NBR 4 Num new NBR 0
177980091	ID:5	NCO: 42
178290492	ID:4	App: Epoch 177 finished Num NBR 4 Num new NBR 0
178292689	ID:4	NCO: 242
178492077	ID:2	App: Epoch 177 finished Num NBR 3 Num new NBR 0
178494277	ID:2	NCO: 288
178625932	ID:3	App: Epoch 178 finished Num NBR 4 Num new NBR 0
178628128	ID:3	NCO: 206
178781623	ID:1	App: Epoch 177 finished Num NBR 4 Num new NBR 0
178783595	ID:1	NCO: 55
178978050	ID:5	App: Epoch 177 finished Num NBR 3 Num new NBR 0
178980246	ID:5	NCO: 155
179290492	ID:4	App: Epoch 178 finished Num NBR 3 Num new NBR 0
179292383	ID:4	NCO: 3
179492077	ID:2	App: Epoch 178 finished Num NBR 3 Num new NBR 0
179494052	ID:2	NCO: 89
179625932	ID:3	App: Epoch 179 finished Num NBR 4 Num new NBR 0
179627975	ID:3	NCO: 47
179781623	ID:1	App: Epoch 178 finished Num NBR 4 Num new NBR 0
179783819	ID:1	NCO: 292
179978050	ID:5	App: Epoch 178 finished Num NBR 3 Num new NBR 0
179980244	ID:5	NCO: 120
